goog$module$ModuleManager:Sc
JSCompiler_StaticMethods_resolve_:ab
JSCompiler_StaticMethods_maybeReinitTouchEvent_:Uj
goog$fx$Dragger$HAS_SET_CAPTURE_:dl
JSCompiler_StaticMethods_requeueBatchOrDispatchFailure_:ld
JSCompiler_StaticMethods_isCss1CompatMode:Ue
goog$net$jsloader$loadMany:Jd
goog$userAgent$getDocumentMode_:sb
goog$functions$TRUE:ae
goog$fx$TransitionBase:sh
JSCompiler_StaticMethods_setValues:Ai
goog$Uri$reDisallowedInSchemeOrUserInfo_:ej
goog$net$XhrIo:wd
goog$async$run$processWorkQueue:Wa
goog$net$XmlHttpFactory:od
goog$fx$dom$PredefinedEffect:Dh
flights$template$results$currentFilters:Fj
goog$disposeAll:rb
JSCompiler_StaticMethods_getCssClass:sk
JSCompiler_StaticMethods_isModuleLoading:cd
goog$net$jsloader$load:Ld
goog$dom$forms$getValue:pi
goog$date$Interval$DAYS:fg
goog$functions$NULL:be
goog$fx$AnimationEvent:Ch
goog$json$Serializer:hl
goog$fx$dom$ResizeWidth:Aj
goog$math$Coordinate:U
goog$net$jsloader$ErrorCode$TIMEOUT:Pd
goog$i18n$DateTimeFormat:rg
goog$style$getStyle_:xf
JSCompiler_StaticMethods_matchString_:Bg
goog$ui$Tooltip$activeInstances_:Hk
goog$async$run$workQueueScheduled_:Ta
goog$Uri$reDisallowedInAbsolutePath_:fj
flights$Register:el
goog$dom$getElement:W
goog$array$slice:Xe
JSCompiler_prototypeAlias:n
JSCompiler_stubMap:ea
goog$structs$forEach:Dc
goog$style$isRightToLeft:Df
goog$ui$ac$AutoComplete$EventType$SELECT:Jg
goog$userAgent$IE:H
JSCompiler_unstubMethod:V
goog$string$isEmptyOrWhitespace:$e
navigator$$inline_118:ee
JSCompiler_StaticMethods_setSliderUI_:Qk
flights$template$register$register:pl
goog$ui$ac$ArrayMatcher$getPrefixMatchesForRows:Fg
goog$net$Jsonp$scriptCounter_:ij
goog$module$ModuleLoadCallback:jc
JSCompiler_StaticMethods_updateItineraryUI_:Mk
goog$Promise$State_$REJECTED:cb
JSCompiler_StaticMethods_setMargin:mj
goog$events$onStringMap_:Qb
goog$dom$append_:Ee
goog$async$nextTick$setImmediate_:Ya
goog$userAgent$product$detectedIpad_:we
goog$positioning$ViewportPosition:wj
JSCompiler_StaticMethods_ensureNotVisible_:ci
soy$esc$$0$0ESCAPE_MAP_FOR_ESCAPE_HTML__AND__NORMALIZE_HTML__AND__ESCAPE_HTML_NOSPACE__AND__NORMALIZE_HTML_NOSPACE_:tf
JSCompiler_StaticMethods_dismissOnDelay:Wg
goog$dispose:qb
goog$uri$utils$split:td
JSCompiler_StaticMethods_removeByKey:Jb
goog$uri$utils$splitRe_:vd
goog$module$ModuleLoader$EventType$REQUEST_ERROR:Yd
goog$date$DateTime:ng
goog$structs$getKeys:Cc
JSCompiler_StaticMethods_parseInt_:Ag
goog$async$throwException:Oa
goog$events$getListenerMap_:Nb
JSCompiler_StaticMethods_getTimezoneOffsetString:mg
goog$fx$anim$cycleAnimations_:yh
goog$isDef:v
JSCompiler_StaticMethods_removeUnhandledRejection_:fb
goog$ui$InputDatePicker:li
goog$async$Delay:uh
JSCompiler_StaticMethods_isOrWithinAutoHidePartner_:ei
goog$userAgent$isDocumentModeOrHigher:wb
goog$debug$Trace_:Mc
goog$net$jsloader$scriptsToLoad_:Kd
goog$userAgent$LINUX:ke
goog$net$XhrIo$ResponseType$DEFAULT:xd
goog$structs$Map:Ic
goog$events$listenOnce:Ge
goog$fx$dom$Slide:Bj
JSCompiler_StaticMethods_setDatePickers:Ki
goog$date$Interval$MINUTES:hg
goog$fx$DragEvent:Zj
JSCompiler_StaticMethods_setValueAndExtent:hk
goog$fx$dom$ResizeHeight:zj
goog$events$EventHandler$typeArray_:re
goog$ui$Popup:hi
goog$events$listen_:Mb
goog$events$KeyCodes$normalizeGeckoKeyCode:eh
JSCompiler_StaticMethods_setId:Vf
goog$a11y$aria$setActiveDescendant:ah
goog$net$jsloader$getScriptParentElement_:Rd
goog$dom$classlist$contains:nh
JSCompiler_StaticMethods_createThumb_:tk
goog$array$some:xc
goog$ui$IdGenerator:Sf
goog$fx$Animation:Ah
JSCompiler_StaticMethods_getMetaData_:Yk
goog$Thenable$addImplementation:ua
JSCompiler_StaticMethods_check_:tc
goog$dom$setProperties:cc
goog$style$getPixelStyleValue_:Gf
JSCompiler_returnArg:da
goog$net$DefaultXmlHttpFactory:pd
goog$events$unlisten:Ub
goog$addSingletonGetter:ga
goog$dom$classlist$get:mh
goog$events$removeAll:Kj
doc$$inline_158:ne
goog$labs$userAgent$util$userAgent_:Ia
JSCompiler_StaticMethods_decorate:Zf
goog$style$getBorderBox:Rf
goog$dom$htmlToDocumentFragment:Ij
goog$dom$classlist$addAll:ph
goog$dom$selection$canonicalizePositionIe_:Vg
JSCompiler_StaticMethods_addPreventDefaultClickHandler_:Wh
goog$userAgent$GECKO:L
goog$dom$DomHelper:ac
goog$dom$defaultDomHelper_:bc
goog$string$NULL_RE_:Oe
goog$ui$Component$defaultRightToLeft_:Uf
flights$template$results$filterSlider:Ej
goog$events$MouseWheelHandler$smartScale_:Oj
goog$date$DateRange:Rh
goog$events$KeyHandler$USES_KEYDOWN_:Zi
JSCompiler_StaticMethods_setLabel_:Pk
goog$ui$Tooltip$CursorTooltipPosition:Ek
JSCompiler_StaticMethods_enforceReadOnly:si
goog$object$forEach:Ja
goog$events$KeyHandler:fh
goog$module$ModuleInfo:kc
goog$userAgent$product$CHROME:Wd
goog$object$getKeys:La
JSCompiler_StaticMethods_calculatePosition_:Vj
JSCompiler_StaticMethods_getThumbCoordinateForValue:lk
goog$events$BrowserEvent:zb
goog$string$toTitleCase:lf
flights$template$results$popupContent:Dj
JSCompiler_StaticMethods_addChildPromise_:ib
JSCompiler_StaticMethods_setUpdateUI_:Tk
JSCompiler_StaticMethods_getDaylightAdjustment:qg
flights$template$register$passengerInfo:ll
JSCompiler_StaticMethods_splitInput_:Sg
goog$dom$classlist$removeAll:rh
goog:Bd
goog$async$run:Qa
JSCompiler_StaticMethods_getRowFromEventTarget_:Ph
JSCompiler_StaticMethods_getDocument:Ve
goog$dom$getDomHelper:P
goog$ui$DefaultDatePickerRenderer:Sh
JSCompiler_StaticMethods_registerErrback:mc
goog$string$GT_RE_:Le
goog$style$getIePixelValue_:Nf
goog$date$Interval$YEARS:dg
goog$style$MATRIX_TRANSLATION_REGEX_:Ff
goog$a11y$aria$setState:Zg
goog$ui$ac$InputHandler$REQUIRES_ASYNC_BLUR_:aj
goog$array$sort:Mj
goog$ui$ac$AutoComplete$EventType$CANCEL_DISMISS:Kg
goog$net$Jsonp:Ei
goog$date$DateRange$MINIMUM_DATE:bj
JSCompiler_StaticMethods_processModulesForLoad_:fd
JSCompiler_set:ca
goog$dom$BrowserFeature$CAN_ADD_NAME_OR_TYPE_ATTRIBUTES:qe
JSCompiler_StaticMethods_createCortinilla:Ji
JSCompiler_StaticMethods_maybeFixDst_:lg
JSCompiler_StaticMethods_render_:Yf
goog$date$Date:jg
JSCompiler_StaticMethods_registerModuleLoadCallbacks_:bd
JSCompiler_StaticMethods_calculateRangeHighlightPositioning_:mk
goog$net$XhrIo$HTTP_SCHEME_PATTERN:Hd
JSCompiler_StaticMethods_setQueryData:ui
goog$async$Deferred:qc
goog$module$ModuleLoader$LoadStatus:Zd
JSCompiler_StaticMethods_hiliteRow:Kh
goog$html$SafeHtml:nf
goog$ui$SliderBase:ck
JSCompiler_StaticMethods_getValueFromMousePosition:ek
goog$dom$getElementByClass:T
JSCompiler_StaticMethods_setFilterActive_:Sk
goog$events$ListenerMap:Ib
goog$array$forEach:R
goog$userAgent$product$IPHONE:ze
goog$style$bidi$getOffsetStart:Cj
goog$string$SINGLE_QUOTE_RE_:Ne
goog$i18n$DateTimeFormat$validateDateHasTime_:vg
JSCompiler_StaticMethods_startHideTimer:Jk
goog$dom$createDom:bf
goog$typeOf:ha
goog$date$Interval$SECONDS:ig
goog$object$add:gf
goog$object$createSet:ff
goog$i18n$DateTimePatterns_en:dj
goog$userAgent$X11:le
goog$array$indexOf:Ba
goog$i18n$DateTimeFormat$TOKENS_:Vi
goog$userAgent$isVersionOrHigher:G
goog$dom$selection$getRangeIe_:Ug
goog$Thenable$isImplementedBy:va
goog$events$Listener:Eb
JSCompiler_StaticMethods_dispatchModuleLoadFailed_:Vc
goog$string$AMP_RE_:Je
L 1:b
JSCompiler_StaticMethods_fireChangeActiveMonthEvent_:$h
goog$events$KeyHandler$keyIdentifier_:Yi
L 0:a
goog$debug$Error:wa
L 3:f
L 2:e
L 5:h
L 4:g
JSCompiler_StaticMethods_fireListeners:Zb
L 7:m
goog$style$getClientViewportElement:yf
L 6:l
L 9:q
L 8:p
goog$date$getNumberOfDaysInMonth:bg
goog$async$run$workQueue_:Ua
goog$array$toArray:Ea
goog$isFunction:ka
JSCompiler_StaticMethods_getFilterOptions_:$k
goog$dom$getElementsByClass:cf
goog$string$padNumber:X
ua$$inline_278:ye
goog$net$XhrIo$send:ql
goog$structs$Set$getKey_:qj
goog$style$getClientPositionForElement_:Ef
JSCompiler_StaticMethods_isRightToLeft_:Tj
goog$ui$AnimatedZippy:xk
goog$net$jsloader$cleanup_:Nd
JSCompiler_StaticMethods_loadModulesOrEnqueue_:ed
JSCompiler_StaticMethods_updateResult_:rc
JSCompiler_StaticMethods_onError:pc
JSCompiler_StaticMethods_evaluateCode_:Td
goog$array$filter:md
goog$fx$anim$animationDelay_:wh
JSCompiler_StaticMethods_scheduleCallbacks_:hb
goog$Promise$addUnhandledRejection_:lb
goog$debug$Trace_$longToPaddedString_:Qc
goog$events$Event$preventDefault:Lj
JSCompiler_StaticMethods_setThumbPosition_:ik
goog$module$ModuleLoader$EventType$REQUEST_SUCCESS:Vd
JSCompiler_StaticMethods_localizeNumbers_:ug
goog$ui$ZippyEvent:wk
JSCompiler_StaticMethods_getPositioningStrategy:Dk
goog$debug$Trace_$Event_:Nc
JSCompiler_StaticMethods_createMenu_:Xh
goog$math$Size:We
goog$debug$Trace_$formatTime_:Rc
goog$positioning$positionAtCoordinate:Ih
goog$events$ListenerMap$findListenerIndex_:Kb
JSCompiler_StaticMethods_hide_:di
JSCompiler_StaticMethods_ensureKeyMapInitialized_:Ci
JSCompiler_StaticMethods_removeFilterActive_:Xk
JSCompiler_StaticMethods_selectHilited:Og
goog$math$Box:uf
JSCompiler_StaticMethods_setAllModuleInfo:Tc
goog$style$getPageOffset:Cf
JSCompiler_StaticMethods_format:sg
goog$async$Deferred$errorMap_:yc
JSCompiler_StaticMethods_cancelDelayedDismiss:Xg
goog$array$insert:Ca
goog$async$Deferred$Error_:zc
goog$structs$every:rj
goog$net$Jsonp$newReplyHandler_:Hi
JSCompiler_StaticMethods_getResponseJson:gl
JSCompiler_StaticMethods_getNotYetLoadedTransitiveDepIds_:gd
goog$dom$createDom_:Se
goog$events$BrowserEvent$IEButtonMap:cl
JSCompiler_StaticMethods_setPort:ti
goog$events$KeyCodes$normalizeKeyCode:dh
goog$events$Listenable$isImplementedBy:Cb
goog$events$wrapListener:Lb
JSCompiler_StaticMethods_createButton_:Th
goog$Uri$QueryData:wi
JSCompiler_StaticMethods_getDocumentScroll:Te
goog$structs$Map$defaultEquals:Pe
goog$UID_PROPERTY_:na
JSCompiler_StaticMethods_updateHeaderClassName:vk
JSCompiler_StaticMethods_getInputValueAsDate_:ni
JSCompiler_StaticMethods_updateCoords_:Bh
JSCompiler_StaticMethods_getRelativeMousePos_:dk
goog$Uri$reDisallowedInQuery_:yi
goog$bindNative_:pa
goog$ui$ac$InputHandler:hh
goog$events$BrowserFeature$HAS_W3C_EVENT_SUPPORT:Tb
goog$style$installStyles:Kf
soy$esc$$0$0REPLACER_FOR_ESCAPE_HTML__AND__NORMALIZE_HTML__AND__ESCAPE_HTML_NOSPACE__AND__NORMALIZE_HTML_NOSPACE_:sf
goog$i18n$DateTimeParse$PATTERN_CHARS_:Wi
goog$userAgent$OPERA:he
goog$string$regExpEscape:Ze
JSCompiler_StaticMethods_isSubsetOf:Hj
JSCompiler_StaticMethods_renderItineraryUI_:Lk
goog$uidCounter_:oa
goog$array$find:za
goog$events$EventTarget:O
JSCompiler_StaticMethods_updateAriaStates:qk
goog$array$ARRAY_PROTOTYPE_:E
goog$events$getProxy:Pb
goog$ui$DatePickerEvent:ai
goog$userAgent$WEBKIT:M
JSCompiler_StaticMethods_getThumbPosition_:fk
goog$Promise$State_$PENDING:$a
goog$json$Serializer$charsToReplace_:se
JSCompiler_StaticMethods_adjustCorner:yj
JSCompiler_StaticMethods_dispatchErrors_:zd
objSearch:Ce
goog$isNumber:ja
goog$events$KeyHandler$SAVE_ALT_FOR_KEYPRESS_:$i
goog$module$ModuleLoader$EventType$EVALUATE_CODE:Xd
goog$Promise$handleRejection_:nb
goog$module$ModuleLoader$Event:Ud
JSCompiler_StaticMethods_addCallbackEntry_:gb
goog$userAgent$isVersionOrHigherCache_:tb
goog$Uri:qi
goog$style$getIePixelDistance_:Of
goog$uri$utils$needsPhishingProtection_:ud
goog$net$XmlHttp$factory_:te
goog$userAgent$detectedMac_:Bb
goog$userAgent$PLATFORM:ie
JSCompiler_StaticMethods_setCabinType_:bl
JSCompiler_StaticMethods_skipSpace_:yg
goog$ui$ac$AutoComplete$EventType$DISMISS:Lg
goog$dom$getOwnerDocument:Q
JSCompiler_StaticMethods_getStatus:Dd
JSCompiler_StaticMethods_searchflights:Ti
goog$net$jsloader$Error:Od
moduleLoader:Be
JSCompiler_StaticMethods_updateUi_:kk
goog$array$extend:Fa
JSCompiler_StaticMethods_getNextUniqueId:Tf
goog$fx$Dragger:Sj
goog$style$ieBorderWidthKeywords_:Qf
goog$i18n$TimeZone:og
JSCompiler_StaticMethods_toTraceString:Pc
goog$array$concat:kf
goog$events$MouseWheelHandler:Nj
goog$array$splice:Ye
JSCompiler_get:k
JSCompiler_StaticMethods_getAnchorFromElement:Ck
JSCompiler_StaticMethods_hasErrback_:wc
JSCompiler_StaticMethods_getIndexOfId:Pg
goog$net$BulkLoaderHelper:nd
JSCompiler_StaticMethods_updateCalendarGrid_:Zh
goog$module$ModuleManager$FailureType$INIT_ERROR:Wc
goog$isObject:la
JSCompiler_StaticMethods_cleanUpXhr_:Fd
goog$ui$Tooltip$ElementTooltipPosition:Fk
manager$Loader:$d
goog$json$parse:fl
goog$net$jsloader$cancel_:Md
goog$debug$Trace_$Stat_:Oc
goog$net$XhrIo$sendInstances_:rl
goog$style$getBoundingClientRect_:zf
goog$ui$Tooltip:yk
flights$Results:jj
JSCompiler_StaticMethods_cancelInternal_:db
goog$net$XhrIo$isContentTypeHeader_:yd
goog$isArray:w
goog$bind:A
JSCompiler_StaticMethods_init:Ab
JSCompiler_StaticMethods_clearShowTimer:Ik
goog$i18n$DateTimePatterns:Vh
L 10:r
goog$events$unlistenByKey:Vb
goog$fx$anim$activeAnimations_:jf
L 14:x
goog$net$jsloader$ErrorCode$LOAD_ERROR:Qd
L 13:t
L 12:B
L 11:s
L 18:I
L 17:Xa
goog$isArrayLike:ia
goog$ui$ac$Renderer:Jh
goog$net$Jsonp$cleanup_:Gi
L 16:eb
L 15:aa
goog$string$LT_RE_:Ke
L 19:Yc
JSCompiler_emptyFn:ba
goog$events$LISTENER_MAP_PROP_:Ob
goog$fx$TransitionBase$State$STOPPED:th
goog$now:S
goog$style$evaluateWithTemporaryDisplay_:Hf
goog$dom$selection$useSelectionProperties_:Tg
goog$async$nextTick$getSetImmediateEmulator_:Pa
JSCompiler_StaticMethods_callCallbacks_:oc
goog$functions$error:ya
goog$i18n$DateTimeParse$MyDate_:Cg
JSCompiler_StaticMethods_getKeyName_:Di
JSCompiler_StaticMethods_forEachChild:ag
goog$Promise:Za
goog$events$EventHandler:hc
goog$style$getVisibleRectForElement:Bf
JSCompiler_StaticMethods_addCallbacks:vc
goog$events$listenerCountEstimate_:Rb
goog$getUid:ma
goog$style$getOffsetParent:Af
JSCompiler_StaticMethods_execOnLoad:kd
goog$dom$removeChildren:ec
goog$positioning$positionAtAnchor:Hh
goog$dom$DIRECT_ATTRIBUTE_MAP_:dc
JSCompiler_StaticMethods_loadNextModules_:jd
goog$events$KeyHandler$safariKey_:Xi
goog$positioning$AnchoredViewportPosition:xj
goog$date$Interval$MONTHS:eg
JSCompiler_StaticMethods_setScheme:ri
goog$events$listen:N
JSCompiler_StaticMethods_setModuleUris:ad
JSCompiler_StaticMethods_setHideOnEscape:nj
L 32:Pi
L 31:Qi
L 30:nl
JSCompiler_StaticMethods_serializeInternal:il
L 36:ml
goog$date$Interval:cg
L 35:mb
L 34:Ni
L 33:Oi
JSCompiler_StaticMethods_updateActiveFiltersUI_:Wk
L 39:vl
L 38:ul
goog$ui$PopupDatePicker:ji
L 37:tl
JSCompiler_StaticMethods_internalGetOptions:sd
goog$i18n$DateTimeParse:wg
JSCompiler_StaticMethods_getKeyHandlerForElement_:Yh
JSCompiler_StaticMethods_subParse_:zg
goog$Uri$reDisallowedInFragment_:hj
JSCompiler_StaticMethods_getTokenIndex_:Qg
goog$inherits:D
goog$structs$Map$hasKey_:Kc
JSCompiler_StaticMethods_doDrag:Yj
goog$positioning$AnchoredPosition:gi
goog$events$KeyCodes$isCharacterKey:ch
goog$json$serialize:sl
goog$object$extend:Ma
goog$dom$query:Nk
L 21:Hb
goog$dom$classes$add:kj
L 20:Mi
goog$string$ALL_RE_:Ie
L 25:ce
goog$userAgent$DOCUMENT_MODE:xb
goog$events$handleBrowserEvent_:Sb
goog$ui$PopupBase:bi
JSCompiler_StaticMethods_clearHideTimer:Kk
L 24:Si
L 23:lc
L 22:Ri
L 29:Wf
soy$$0$0escapeHtml:Y
L 28:Zc
goog$string$QUOT_RE_:Me
JSCompiler_StaticMethods_setParent:Xf
L 27:ol
goog$userAgent$product$detectedIphone_:ve
goog$date$DateRange$MAXIMUM_DATE:cj
L 26:$c
JSCompiler_StaticMethods_getProgId_:rd
goog$fx$AnimationQueue:Qj
goog$events$fireListener:Xb
goog$Uri$encodeSpecialChars_:xi
goog$array$contains:Aa
goog$a11y$aria$DefaultStateValueMap_:$g
L 50:Jl
goog$Uri$decodeOrEmpty_:vi
L 54:Ll
L 53:J
goog$async$run$schedule_:Ra
L 52:Kl
goog$net$XhrIo$METHODS_WITH_FORM_DATA:ue
L 51:Gl
goog$array$remove:Da
L 56:Il
L 55:Hl
goog$userAgent$product$IPAD:Ae
JSCompiler_stubMethod:u
goog$labs$userAgent$util$matchUserAgent:Ha
goog$events$LISTENER_WRAPPER_PROP_:Yb
goog$dom$forms$addFormDataToMap_:oi
goog$evalWorksForGlobals_:ta
goog$style$getIePixelBorder_:Pf
goog$net$Jsonp$newErrorHandler_:Fi
goog$ui$TwoThumbSlider:rk
goog$Disposable$MonitoringMode$OFF:ob
goog$string$htmlEscape:He
goog$dom$classlist$remove:qh
goog$ui$DatePicker:Uh
JSCompiler_StaticMethods_setObjectValuesAndCount_:al
goog$json$Serializer$charToJsonCharCache_:kl
goog$string$toCamelCase:mf
goog$bindJs_:qa
L 43:zl
goog$i18n$DateTimeSymbols:$
L 42:yl
L 41:xl
L 40:wl
L 47:Dl
goog$dom$isNodeList:De
L 46:Cl
JSCompiler_StaticMethods_checkForParentTooltip_:Gk
L 45:Bl
L 44:Al
goog$partial:ra
goog$html$SafeHtml$TYPE_MARKER_GOOG_HTML_SECURITY_PRIVATE_:of
L 49:Fl
goog$userAgent$VERSION:vb
L 48:El
goog$style$setElementShown:Jf
goog$Timer:ef
JSCompiler_StaticMethods_createInstance:qd
goog$reflect$sinkValue:yb
goog$object$PROTOTYPE_FIELDS_:Na
soy$esc$$0$0MATCHER_FOR_ESCAPE_HTML_:rf
goog$ui$ac$AutoComplete$EventType$HILITE:Ig
goog$module$BaseModule:ic
goog$dom$setTextContent:af
goog$i18n$DateTimeSymbols_es_CO:Li
JSCompiler_StaticMethods_makeId:$f
JSCompiler_StaticMethods_hiliteNext:Mg
goog$fx$dom$FadeInAndShow:Gh
goog$module$ModuleLoader:Sd
goog$userAgent$product$detectedChrome_:xe
JSCompiler_StaticMethods_markAsRemoved:Gb
goog$html$SafeHtml$createSafeHtmlSecurityPrivateDoNotAccessOrElse:pf
goog$dom$removeNode:fc
goog$dom$isCss1CompatMode_:Re
JSCompiler_StaticMethods_moveThumbs:gk
goog$functions$constant:xa
goog$async$Deferred$CanceledError:Ac
goog$style$setUnselectable:Lf
JSCompiler_StaticMethods_fire_:sc
goog$events$ListenableKey$counter_:Fb
goog$isString:y
goog$i18n$TimeZone$createTimeZone:pg
goog$async$Deferred$AlreadyCalledError:uc
JSCompiler_StaticMethods_getReadyState:Cd
JSCompiler_StaticMethods_listenOnce_:Qe
goog$array$defaultCompare:uj
goog$dom$selection$getStart:Rg
goog$structs$SimplePool:Lc
JSCompiler_StaticMethods_saveCursorPosition_:Bk
JSCompiler_StaticMethods_handleSeparator_:jh
goog$math$clamp:Jj
goog$structs$getValues:Bc
JSCompiler_StaticMethods_cycle:zh
goog$events$MouseWheelEvent:Pj
JSCompiler_StaticMethods_addRangeHighlightAnimations_:pk
JSCompiler_StaticMethods_tryThen_:kb
JSCompiler_StaticMethods_handleKeyEvent:ih
goog$a11y$aria$setRole:Yg
JSCompiler_StaticMethods_setRemoveAllFilterActive_:Rk
JSCompiler_StaticMethods_setFilterCheckBoxUI_:Uk
JSCompiler_StaticMethods_dispatchActiveIdleChangeIfNeeded_:Xc
goog$style$getComputedStyle:wf
goog$ui$ac$ArrayMatcher$getSimilarMatchesForRows:Gg
goog$exportPath_:vj
JSCompiler_StaticMethods_roundToStepWithMin:bk
goog$date$Interval$HOURS:gg
JSCompiler_StaticMethods_onLoad:nc
goog$async$run$initializeRunner_:Sa
goog$Timer$callOnce:$b
goog$Uri$encodeChar_:Bi
goog$global:C
sibling$$inline_788:lj
JSCompiler_StaticMethods_maybeCreateElement_:Lh
JSCompiler_StaticMethods_showPopup:ki
JSCompiler_StaticMethods_showRegisterModule:Ok
goog$array$removeDuplicates:Ga
JSCompiler_StaticMethods_setInputValue:mi
goog$structs$Set:Gj
JSCompiler_StaticMethods_setParameterValues:zi
goog$fx$anim$unregisterAnimation:vh
goog$iter$Iterator:Ec
goog$ui$ac$AutoComplete:Hg
goog$ui$Component:Z
JSCompiler_StaticMethods_animatedSetValue:ok
navigator$$inline_139:je
JSCompiler_StaticMethods_hiliteMatchingText_:Nh
userAgent$$inline_119:fe
JSCompiler_StaticMethods_renderFlightResults:Ui
goog$events$KeyEvent:gh
goog$events$BrowserFeature$HAS_W3C_BUTTON:oe
JSCompiler_StaticMethods_getOffsetStart_:nk
goog$structs$getCount:sj
goog$dom$getElementsByTagNameAndClass_:Fe
goog$object$isEmpty:hf
goog$string$trim:ub
CITYS:Eg
JSCompiler_StaticMethods_getClosestThumb_:jk
JSCompiler_StaticMethods_isNumericField_:xg
goog$net$BulkLoader:Id
navigator$$inline_142:me
goog$Disposable:F
goog$nullFunction:fa
JSCompiler_StaticMethods_setAutoHide:oj
goog$ui$RangeModel:ak
JSCompiler_StaticMethods_serializeString_:jl
goog$dom$contains:gc
goog$style$getSizeWithDisplay_:If
JSCompiler_StaticMethods_buildDate_:kg
JSCompiler_StaticMethods_getState:Ak
goog$events$KeyCodes$firesKeyPressEvent:bh
JSCompiler_StaticMethods_limitY:Xj
goog$Promise$CancellationError:jb
goog$ui$ac$ArrayMatcher:Dg
goog$fx$dom$Fade:Eh
JSCompiler_StaticMethods_limitX:Wj
JSCompiler_StaticMethods_isSuccess:Ed
JSCompiler_StaticMethods_redraw:Mh
goog$userAgent$detectedWindows_:ge
JSCompiler_StaticMethods_stopWaitingForIme_:lh
goog$events$fireListeners_:Wb
JSCompiler_StaticMethods_cleanupKeysArray_:Jc
goog$events$Event:K
JSCompiler_StaticMethods_getTokenRegExp_:Oh
goog$object$getValues:Ka
goog$style$unselectableStyle_:Mf
goog$ui$ac$createSimpleAutoComplete:Qh
goog$iter$forEach:Hc
goog$math$Coordinate$difference:df
JSCompiler_StaticMethods_hilitePrev:Ng
goog$array$map:hd
goog$fx$anim$requestAnimationFrame_:xh
flights$Search:Ii
goog$soy$data$SanitizedContentKind$HTML:qf
moduleManager:Uc
JSCompiler_StaticMethods_addUserInitiatedLoadingModule_:dd
goog$Disposable$instances_:pb
JSCompiler_StaticMethods_processFocus:kh
JSCompiler_StaticMethods_formatField_:tg
JSCompiler_StaticMethods_detachElement_:zk
goog$Promise$State_$FULFILLED:bb
JSCompiler_StaticMethods_onReadyStateChangeHelper_:Ad
JSCompiler_StaticMethods_renderFiltersUI_:Vk
goog$iter$StopIteration:Gc
goog$fx$AnimationParallelQueue:Rj
goog$ui$Zippy:uk
goog$dom$htmlToDocumentFragment_:tj
goog$Uri$reDisallowedInRelativePath_:gj
goog$iter$toIterator:Fc
goog$globalEval:sa
JSCompiler_StaticMethods_setPosition:ii
goog$positioning$AbstractPosition:fi
goog$math$Rect:vf
JSCompiler_StaticMethods_cleanUpTimeoutTimer_:Gd
goog$events$BrowserFeature$SET_KEY_CODE_TO_PREVENT_DEFAULT:pe
goog$array$every:de
goog$async$run$WorkItem_:Va
goog$fx$dom$FadeOutAndHide:Fh
JSCompiler_StaticMethods_setLoaded:id
goog$events$Listenable$IMPLEMENTED_BY_PROP:Db
goog$style$getClientPosition:pj
JSCompiler_StaticMethods_setMetada_:Zk
goog$dom$classlist$add:oh
