showOtherMonths_:Pg
keyHandlers_:lb
year:wa
dispatchAnimationEvent:oa
elTable_:X
getHandler:G
ddlMultiAdults:Gb
score:Kg
reposition:ta
childIndex_:Q
eh_:L
selectionHandler_:bc
children_:N
callbackEntries_:ea
onMouseDown_:xg
elFootRow_:Fc
moduleConstructor_:Pi
disposed_:fb
allowFreeSelect_:nf
Promise:ff
proxy:fd
handleFocus:Sf
onEnd:qb
SHORTMONTHS:zd
grid_:Da
DATEFORMATS:Xa
loadModules_:Zc
keyPressKey_:Uc
STANDALONEWEEKDAYS:jf
visible_:zb
showScrollbarsIfTooLarge_:Rg
dateTimeFormatter_:Ud
parent_:k
txtDateMultiO4:We
ddlMultiAge6:Ac
callOnce:rc
ddlMultiAge4:yc
superClass_:c
ddlMultiAge5:zc
successFn:Re
ddlMultiAge2:wc
vuelos_ida_vuelta_t:Kj
ddlMultiAge3:xc
searchParams:Kk
onButtonReturnClick_:Si
upsideDown_:lh
separatorCheck_:lj
hidePopupElement:Xf
loadRequested:lg
popup_:ka
vuelos_multi_destinos:Nj
errorDispatched_:de
rowNode:Jk
cb:tf
onCancelFunction_:pg
elNone_:Jf
literals_:kg
userSelectableDateRange_:af
cleanupWhenDone:kk
WEEKENDRANGE:Fd
onDocumentKeyDown_:Vi
FIRSTDAYOFWEEK:kc
DAY_ABBR:Tj
loops:mg
creationStack:mk
immediatelyCancelDelayedDismiss_:ag
updateDuringTyping_:Gj
lastKeyCode_:ig
requestedLoadingModuleIds_:ua
showWeekdays_:Tg
ddlMultiAge1:vc
ddlMultiInfants:Cc
getElement:g
onDetailsLoaded:Ui
days:aa
txtDateMultiO1:Te
txtDateMultiO2:Ue
txtDateMultiO3:Ve
ac_:s
ddlMultiBebes:Wd
register:Zb
ieProgId_:Zf
throwError:vj
resolve:jj
WEEKDAY_MONTH_DAY_MEDIUM:Zj
handleKeyDown_:si
STANDALONESHORTMONTHS:Cd
listener:Oa
getBaseCssClass:b
defaultThreshold_:ok
onAnimate:Ee
customRenderer_:Fb
currentlyLoadingModule_:yf
handleYearMenuClick_:yi
fn_:Kc
timeZoneId_:Zg
airlines:dk
liautos:xk
vuelos_multi_destino3:Lj
vuelos_multi_destino4:Mj
eventPool_:ji
vuelos_multi_destino2:Sk
target_:K
keyCode_:Fa
shouldHideAsync_:oj
timeoutInterval_:md
txtMultiD1:Ha
txtMultiD2:dh
nextId_:De
fps_:Pf
el:gb
txtMultiD3:eh
txtMultiD4:fh
popupCorner_:dj
handleError_:le
month:nb
departureTimes:qk
propagationStopped_:Sa
disposeInternal:e
child:ab
nextMonth:og
handleBlur:oi
topAlign_:nd
fn:li
dp_txtFechaMultiO1:Hb
pseudos:Ta
MONTH_DAY_ABBR:Uj
unblockAndFulfill_:jh
handleMenuClick_:Tf
dp_txtFechaMultiO4:fi
dp_txtFechaMultiO3:ei
MODULE_RESULTS_CSS:th
menu_:Pa
dp_txtFechaMultiO2:di
MONTH_DAY_YEAR_MEDIUM:Yj
handleMouseDown_:Vf
active_:xa
currentPageScrollY:Yh
rblMultiStop:Ua
createObjectFn_:xf
matcher_:Tb
FIRSTWEEKCUTOFFDAY:lc
agregarOcultar1:Ch
agregarOcultar2:Dh
hoteles:vk
dismissTimer_:Ja
fps:sk
decoratorFunction_:Cf
lastValue_:ve
handleGridKeyPress_:ri
agregarOcultar3:Eh
agregarOcultar4:Fh
createObject:uc
frmAir:Lc
keyDownKey_:qe
isClick:eg
tick_:wj
userLastActive_:mh
clone:v
executeCallbacks_:Jc
tracerOverheadEnd_:Bj
tracerCount_:zj
exitDocument:O
lihoteles:yk
listenOnce:Yc
hiliteId_:Ea
YEAR_MONTH_FULL:zh
otag:aj
QUARTERS:yd
userInitiatedLoadingModuleIds_:yb
trimmer_:ah
modal_vuelos:Ak
years:da
createDom:p
corner:Xh
attachInputs:Od
cachedOptions_:qc
sequence_:kd
parentEventTarget_:ed
xhr_:l
addEvents:Bh
baseModuleInfo_:pc
altKey_:Md
dismiss:na
autos:ik
lastUri_:ue
disposeObjectFn_:Gf
eventType:fe
attrs:oc
keyHandler_:Rb
nextYear:Qi
waitingForIme_:Ia
fired_:Aa
commentStrip:Uh
MONTH_DAY_MEDIUM:Wj
activeTimeoutId_:Jd
earlyOnloadCallbacks_:If
deferred:bi
removeChildren:Gg
txt2VFechaMulti:bh
estimatedTimes:rk
actualEventTarget_:Ah
firstRowId_:R
dateTimeParser_:zf
allowNone_:Ld
tblEdades:Nk
matchListener_:Ki
onBuyClick_:bd
onBegin:Ra
getModuleContext:Qf
onChangedropdownlistMultiEdades:qg
OnModuleSearchLoaded:wh
dayOfWeek:Vd
era:Mf
inSend_:Tc
eventHandler_:La
renderOne:hj
eventTime:Nf
loadModules:Ii
YEAR_MONTH_ABBR:bk
idGenerator_:Fi
longDateFormat_:Ji
onReadyStateChange_:yg
TIMEFORMATS:Bb
unblockAndReject_:kh
listeners:T
menuSelected_:mb
lastKey_:ba
lastMethod_:Gi
stats_:Xg
canDecorate:sf
listener_:ye
responseTexts_:jd
removed:tb
matchFor:Ae
equals:Jb
callback_:Ph
branches_:Sd
error_:Ic
xhrOptions_:td
highlightedClassName:Ai
toIsoString:hc
vuelos_ida_vuelta:Jj
STANDALONESHORTWEEKDAYS:Dd
boundTick_:Rd
position_:Je
lbMultidestino:xe
simpleNavigation_:Ug
months:ca
enableCrossIframeDismissal_:gi
onIeKeyPress_:tg
setParentEventTarget:dc
lastActive_:fg
highlightAllTokens_:Qc
dispose:h
freeQueue_:he
maxCount_:Mi
ERAS:wd
getResponseTexts:je
renderRow:Hk
maxMatches_:Ni
interval_:jb
token_:ha
showTransition_:ec
amountCurrencys:ek
dataResults:nk
showWeekNum_:Oe
debugMode_:Dc
row:Va
continueHidingPopup_:vf
attr:Pd
render:$b
arrivalTimes:hk
getDatePicker:ie
lastTarget_:Xc
baseCssClass_:Kh
onDocumentMouseDown_:sg
ddlMultiMonths3:Zd
ddlMultiMonths2:Yd
ddlMultiMonths1:Xd
getKeys:Ma
objSearch:pb
hilitedRow_:Rc
getTag:ke
ddlMultiMonths6:ae
ddlMultiMonths5:$d
useRightPositioningForRtl_:Qk
ddlMultiMonths4:Bf
applyStandardPattern_:mc
AMPMS:ud
hideTransition_:Ob
menuCallback_:Be
i18nDateFormatterDay2_:Bi
wdayStyles_:sd
callback:Db
rowDivs_:Wa
MODULE_REGISTER_CSS:sh
handler:Pc
showYearMenu_:qj
event_:hb
i18nDateFormatterMonthYear_:Di
hadUnhandledRejection_:Oc
handleEvent_:pi
MONTHS:xd
platformModifierKey:cj
removeAll:sb
lastError_:Wc
numMonths:Ub
handleKeyup_:ui
model_:Oi
uris_:xb
sourceUrlInjection_:Vg
script_:Lg
wasHighlightedAtLeastOnce_:ph
onShow_:zg
rowClassName:Me
txtFechaMultiO1:ic
then:ub
txtFechaMultiO2:Dj
str:uj
cellIdGenerator_:Qh
txtFechaMultiO3:Ej
SHORTWEEKDAYS:Bd
txtFechaMultiO4:Fj
handleSuccess_:me
ddlClassMulti:Af
overflow_:bj
loadingModuleIds_:Ga
stops:Mk
anim:fk
btnreturnresults:Td
getListener:Mb
standardOffset_:Qe
activeElement_:j
xmlHttpFactory_:Ab
enterDocument:H
STANDALONEMONTHS:Ya
handler_:C
moduleInfoMap_:U
STANDALONENARROWMONTHS:gf
STANDALONENARROWWEEKDAYS:hf
lastErrorCode_:Sb
NARROWMONTHS:ef
isVisible_:kb
lastHideTime_:gg
timer_:F
onKeyUp_:vg
tzNames_:Ye
txtMultiO1:Pk
module_:Qa
renderer_:Y
attach:nc
elToday_:Kf
txtMultiO4:ih
txtMultiO2:gh
rightToLeft_:Ik
handleMenuKeyPress_:Uf
txtMultiO3:hh
Window:xh
oquery:Gk
wasDecorated_:oh
YEAR_FULL:yh
objresultados:Xb
responseTexts:Le
startTime_:sj
silentlyCanceled_:Pe
unhandledErrorId_:pd
count_:za
tableFoot_:Yg
transitions_:od
margin_:zk
initialModulesLoaded_:Pb
helper_:ib
onReturnClick_:$i
whitespaceWrapEntries_:Qj
inAbort_:Na
progress:ga
oper:dd
endTime:Lf
commentCount_:Th
startRenderingRows_:Wg
unlisten:W
imgCortinilla:$f
onFulfilled:Ge
applyPattern_:Cb
dialogo:Ec
googUiComponentHandler_:Ca
popupParentElement_:Dg
hidePopup:ne
dateTimeSymbols_:q
doAction_:ci
result_:va
autoHidePartners_:pf
generales:tk
showToday_:Sg
generateNewTokenOnLiteral_:mi
lastInitialModuleId_:hg
last_:we
useSimilar_:Hj
img_cortinilla:wk
document_:m
wdayNames_:Pj
details:ce
hiliteId:qa
dp_txt2VFechaMulti:Hf
timeoutId_:ld
departureAirports:pk
modal_vuelos_2:Dk
ddlAerolinea:Zh
modal_vuelos_1:Ck
handleGridClick_:qi
modal_vuelos_0:Bk
id_:D
tracerOverheadComment_:Aj
query:rb
typeCount_:jc
isVisible:ja
MONTH_DAY_FULL:Vj
livuelos:Hi
map_:sa
ERANAMES:df
elNavRow_:Hc
ids:P
loader_:ze
onRegisterLoaded_:Zi
previousYear:gj
blocking_:Lh
WEEKDAY_MONTH_DAY_YEAR_MEDIUM:$j
contenido:Eb
datePicker_:fa
idPool_:Yf
lastShowTime_:te
keyUpKey_:Vc
YEAR_FULL_WITH_ERA:ak
classes:ma
MODULE_DETAILS_CSS:rh
disposeObject:Ff
getId:ia
cantidad_Habitaciones_Visibles:jk
hideOnEscape_:zi
onKeyDownOnInactiveElement_:Wi
previousMonth:Eg
timerObject_:vb
Cant:cf
preventDefaultOnTab_:ej
eventTargetListeners_:pa
activeClassName:mf
clusters:Rh
onErrorCallbacks_:Fe
onloadCallbacks_:Ie
hours:w
extraWeekAtEnd_:ki
SHORTQUARTERS:Ad
tzOffset:Ze
multi_:ob
i18nDateFormatterWeek_:Ei
lastFrame:se
widthProvider_:Rj
btnreturnsearch:Oh
activeMonth_:A
decorateInternal:cb
OnModuleResultsLoaded:vh
useXhr2Timeout_:$e
consecutiveFailures_:tc
onReadyStateChangeEntryPoint_:Yi
callbackMap_:sc
showFixedNumWeeks_:Og
getPreserveHilited:uk
keys_:t
txtVDateMultiD1:Xe
arrivalAirPorts:gk
comment:Sh
firstWeekCutOffDay_:Kb
getInstance:Lb
onKeyPress_:ug
type_:wb
base:$
container:uf
milliseconds:Ce
endDate_:hi
ampm:of
ambiguousYear:Gh
seconds:J
reposition_:ij
separatorSelects_:mj
loadingModulesStatus_:ra
objResults:Wb
varAlloc:nh
ddlNigths:$h
selectNone:Mg
state_:u
timeout_:gc
anchorElement_:Hh
handleLoadError_:vi
errorFn:ee
startPoint:fc
version_:rd
onDocumentBlur_:rg
deps_:Ef
handleMonthMenuClick_:xi
useStandardHighlighting_:Ij
moduleContext_:ng
concurrentLoadingEnabled_:Vh
defaultScope_:Df
passenger:Cg
requestUris:Hg
returnValue_:Jg
ocultar:Fk
updateStyle:qd
DATETIMEFORMATS:vd
onBuscarClick_:Ri
tracerOverheadStart_:Cj
infixOper:bg
matchWordBoundary_:Li
onDisposeCallbacks_:cd
ZERODIGIT:Gd
getElementByClass:Mc
defaultSeparator_:ai
activateHandler_:Id
accel_:lf
autoHide_:Ih
cmbHabitaciones:lk
onDetailsClick:Ti
totalVarAlloc:yj
btnBuy:Mh
i18nDateFormatterDay_:Ci
statPool_:tj
arrResults:Nd
element_:a
contentKind:Wh
separators_:cc
triggerSuggestionsOnUpdate_:$g
continue_:wf
rightAlign_:kj
elYear_:Ib
token:xj
popupDatePicker_:n
endPoint:ii
dom_:i
Type:kf
handleClick_:Rf
symbols_:la
tableBody_:Se
processBlur:Fg
requestedModuleIdsQueue_:V
date:d
tblPax:Ok
inOpen_:oe
nozip:ad
executing_:ge
ac_txt_Multi_D1:ck
objRender:Vb
hadError_:Nb
isActive:Qb
listen:f
autoHilite_:Jh
blocked_:Qd
events_:Of
onPopup_:Xi
wrap_:qh
preventSelectionOnTab_:fj
isRowDisabled:pe
startDate_:rj
destroyMenu_:eb
onTick_:Ag
inputToAnchorMap_:cg
tag:Z
day:bb
selectToday:Ng
registerCallback_:hd
renderRows:Ke
minutes:I
labelInput_:re
onRejected:He
onDateChanged_:Yb
getDomHelper:M
ddlMultiNinios:be
rowJustSelected_:Ne
cortinilla:ya
getAutoHilite:ni
handleLoadTimeout_:wi
requestedModuleIds_:ac
handleMouseOver_:Wf
menuFadeDuration_:$c
ddlMultiChildren:Bc
btn_buscar_:Nh
onKey_:wg
vuelos_ida_vuelta1:Rk
outstandingEvents_:Bg
autoHideRegion_:qf
legacyActiveClassName_:jg
__iterator__:Hd
elMonth_:Ka
moduleIds:Ek
instance_:dg
MONTH_DAY_SHORT:Xj
abutStart:Za
showPopup_:Qg
WEEKDAYS:Ed
NARROWWEEKDAYS:uh
stopTime:Lk
rows_:o
date_:B
elMonthYear_:Gc
patternParts_:r
i18nDateFormatterYear_:Sc
animation_:$a
getValues:Nc
vuelos_solo_ida:Oj
batchModeEnabled_:rf
allowAutoFocus_:Kd
showMonthMenu_:pj
withCredentials_:Sj
inDocument_:S
firstDayOfWeek_:Ba
handleKeyUp:ti
vuelos:bf
separatorUpdates_:nj
responseType_:Ig
registerCallback:gd
