keyHandlers_:Pc
year:Bb
createAnimations:fo
keyboardEventHandler_:oj
ddlMultiAdults:vd
score:gk
reposition:ua
eh_:da
lastMousePosition_:Se
children_:ha
callbackEntries_:Ea
handleTimerTick_:Zi
onMouseDown_:Qj
ac_txt_Multi_O2:Wn
moduleConstructor_:vm
disposed_:ec
ac_txt_Multi_O4:Yn
ac_txt_Multi_O3:Xn
airport:$b
Promise:Xh
handleFocus:Ed
grid_:Mb
DATEFORMATS:Ac
visible_:ld
showScrollbarsIfTooLarge_:nk
uri_:zn
tabvuelos_ida_vuelta:qh
ddlMultiAge6:te
callOnce:ie
ddlMultiAge4:re
superClass_:e
ddlMultiAge5:se
ddlMultiAge2:pe
ddlMultiAge3:qe
separatorCheck_:en
listenKey_:vj
parentTooltip_:Vj
loadRequested:xj
popup_:eb
vuelos_multi_destinos:Jk
errorDispatched_:og
onBeforeShow:Sg
onCancelFunction_:Ij
elNone_:Gi
WEEKENDRANGE:Nf
onDocumentKeyDown_:Em
DAY_ABBR:Hn
loops:yj
updateDuringTyping_:yn
lastKeyCode_:sj
requestedLoadingModuleIds_:vb
DocumentTypeId:Oh
showWeekdays_:pk
hideDelayMs_:$l
ddlMultiAge1:oe
ddlMultiInfants:ve
getElement:a
handleTooltipMouseOut:$i
days:wa
ac_:K
ddlMultiBebes:dg
handleRangeModelChange:Xi
register:Ub
resolve:ck
WEEKDAY_MONTH_DAY_MEDIUM:On
handleKeyDown_:xg
getBaseCssClass:g
onAnimate:Rg
customRenderer_:ud
currentlyLoadingModule_:ti
intersection:mj
liautos:qo
vuelos_multi_destino3:be
onReserveClick:Nm
vuelos_multi_destino4:md
eventPool_:Jl
vuelos_multi_destino2:Ho
keyCode_:Qb
shouldHideAsync_:jn
txtMultiD1:zb
orientation_:Ra
txtMultiD2:zh
fps_:Li
txtMultiD3:Ah
txtMultiD4:Bh
popupCorner_:Xm
currentAnimation_:ne
maxDeltaY_:Aj
handleError_:wg
disposeInternal:f
child:Ec
nextMonth:Gj
handleBlur:Ol
topAlign_:sf
pseudos:rc
unblockAndFulfill_:Ck
showDelayMs_:jh
MODULE_RESULTS_CSS:Pk
menu_:lc
expanded:Xa
maxDeltaX_:zj
onButtonReturnToSearchClick_:zm
active_:Cb
onClickRadiosModeFlights:Tg
createObjectFn_:si
FIRSTWEEKCUTOFFDAY:de
hoteles:oo
passengerInfo:D
handleGridKeyPress_:Rl
createObject:me
frmAir:Fe
keyDownKey_:Dg
isClick:nj
clone:s
executeCallbacks_:De
tracerOverheadEnd_:wn
listenOnce:Kd
YEAR_MONTH_FULL:Yk
QUARTERS:Gf
trimmer_:Bk
additionalAnimations_:ei
years:Da
createDom:u
attachInputs:Vf
cachedOptions_:he
parentEventTarget_:df
xhr_:o
baseModuleInfo_:ge
dismiss:ob
onAnimate_:xm
disposeObjectFn_:Ei
eventType:qg
dragging_:fc
attrs:fe
keyHandler_:Pa
nextYear:wm
fired_:Jb
commentStrip:tl
activeTimeoutId_:Qf
deferred:Bl
deferred_:Bi
actualEventTarget_:Zk
firstRowId_:na
tblEdades:Ao
onHeaderClick_:Fm
onBegin:Sb
tabvuels_solo_ida:th
OnModuleSearchLoaded:Sk
era:Ii
inSend_:Ne
eventHandler_:$
handleMouseOutAndBlur:Ie
loadModules:nm
YEAR_MONTH_ABBR:Rn
idGenerator_:fm
hideTimer:Fd
TIMEFORMATS:od
handleMove_:Yl
unblockAndReject_:Dk
menuSelected_:Qc
lastKey_:Ba
onAnimationCompleted_:ym
enableRightPositioningForRtl:qb
canDecorate:mi
responseTexts_:jf
removed:bd
matchFor:Ng
callback_:ml
onSelectDetailFlights_:Rm
branches_:Zf
xhrOptions_:xf
toIsoString:Wd
STANDALONESHORTWEEKDAYS:Lf
position_:bh
domain_:pb
port_:$c
simpleNavigation_:qk
lastResortOverflow_:mm
isAnimating_:Oe
lastActive_:pj
toolTips:uh
defaultAction:kg
objPopup:oc
highlightAllTokens_:Ke
ERAS:Cf
getResponseTexts:ug
moveToPointEnabled_:Fj
maxMatches_:tm
setExpanded:mf
interval_:Nc
token_:Sa
lazyCreateFunc_:Kg
getMaximum:Z
dataResults:io
showWeekNum_:kh
debugMode_:wd
SAFE_HTML_TYPE_MARKER_GOOG_HTML_SECURITY_PRIVATE_:Uk
row:tc
continueHidingPopup_:qi
attr:Wf
render:cd
getDatePicker:Ad
baseCssClass_:fl
ddlMultiMonths3:gg
ddlMultiMonths2:fg
ddlMultiMonths1:eg
objSearch:Yc
ddlMultiMonths6:ig
ddlMultiMonths5:hg
ddlMultiMonths4:yi
hideTransition_:Gd
menuCallback_:Og
i18nDateFormatterDay2_:bm
setValue:hb
rowDivs_:uc
setMinimum:pf
showYearMenu_:ln
event_:la
hadUnhandledRejection_:He
privateDoNotAccessOrElseSafeHtmlWrappedValue_:Yj
currentFilters:xl
handleMouseDownAndClick_:Si
MOUSE_DOWN_DELAY_:Qk
mouseWheelHandler_:Uc
onSeleccionarItineraryClick_:Qm
incTimer_:Ob
model_:Cj
sourceUrlInjection_:rk
script_:hk
onShow_:Sj
valueDragger_:Ta
objResults_:Xc
labelFn_:km
handleSuccess_:yg
elWrapper_:Ae
anim:$n
btnreturnresults:jl
activeElement_:C
xmlHttpFactory_:nd
PassengerInfoId:Tk
enterDocument:Y
dataSelected:ui
STANDALONEMONTHS:Bc
handler_:S
availability:X
STANDALONENARROWWEEKDAYS:Zh
lastErrorCode_:Jd
NARROWMONTHS:Wh
metaData:U
chkAgree:ol
requireInteraction_:wo
isVisible_:Oc
timer_:V
ieDragStartCancellingOn_:gm
tzNames_:Gh
renderer_:ta
attach:Db
ignoreCase_:Ia
elToday_:Hi
limits:uj
filterOptions_:l
Window:Wk
getExtent:za
wasDecorated_:Lk
YEAR_FULL:Xk
unhandledErrorId_:uf
tableFoot_:yk
transitions_:tf
addAll:Rf
margin_:pm
initialModulesLoaded_:Hd
endTime:yd
startRenderingRows_:tk
applyPattern_:rd
popupParentElement_:Wj
dateTimeSymbols_:G
doAction_:El
TypeDesc:Vk
result_:wb
generales:mo
Desc:Bf
generateNewTokenOnLiteral_:Ml
lastInitialModuleId_:rj
useSimilar_:An
img_cortinilla:po
document_:n
wdayNames_:Cn
incrementing_:ij
hiliteId:sb
dp_txt2VFechaMulti:Fb
ddlAerolinea:zl
tracerOverheadComment_:vn
livuelos:Ue
elNavRow_:ze
onRegisterLoaded_:Mm
stopBlockIncrementing_:xk
WEEKDAY_MONTH_DAY_YEAR_MEDIUM:Pn
contenido:vl
lastShowTime_:Gg
YEAR_FULL_WITH_ERA:Qn
classes:lb
hideOnEscape_:bj
unitIncrement_:Zd
onKeyDownOnInactiveElement_:Hm
preventDefaultOnTab_:Ym
activeClassName:di
hours:N
extraWeekAtEnd_:Kl
SHORTQUARTERS:If
multi_:Vc
i18nDateFormatterWeek_:em
lastFrame:Fg
btnreturnsearch:kl
DocumentType:Nh
decorateInternal:nb
useXhr2Timeout_:Ih
getValue:p
onReadyStateChangeEntryPoint_:Lm
dragCanceled:ko
getPreserveHilited:no
txtVDateMultiD1:Fh
maybeHide:um
firstWeekCutOffDay_:zd
startY:vk
onKeyPress_:Nj
startX:uk
setIgnoreCase:ih
container:eo
endDate_:Hl
ambiguousYear:$k
reposition_:bn
separatorSelects_:fn
getCount:rb
timeout_:yb
handleLoadError_:Ul
onClickAddRemoveMultipleDestinations:bf
handleMonthMenuClick_:Wl
elContent_:Ic
moduleContext_:Dj
concurrentLoadingEnabled_:ul
defaultScope_:Ai
passenger:Zc
amountCurrencyLocalField:al
requestUris:bk
ocultar:to
DATETIMEFORMATS:Af
tracerOverheadStart_:xn
infixOper:jj
matchWordBoundary_:rm
finishedCounter_:sg
onDisposeCallbacks_:pc
getElementByClass:Ge
defaultSeparator_:Al
autoHide_:ki
totalVarAlloc:tn
callbackParamName_:ll
statPool_:on
closeFlightDetailPopup_:ql
separators_:Rd
rightAlign_:cn
popupDatePicker_:J
endPoint:Il
dom_:k
Type:pd
onClickAllFilterCheckBoxUI_:Bm
tableBody_:ph
Day:Jh
requestedModuleIdsQueue_:qa
tblPax:Bo
nozip:af
booking:Eb
executing_:rg
objRender:Nd
FirstNameId:Qh
isActive:Id
listen:b
autoHilite_:el
blocked_:Xf
preventSelectionOnTab_:Zm
destroyMenu_:Gc
inputToAnchorMap_:kj
registerLoaded:$j
day:Fc
selectToday:jk
renderRows:dh
containsKey:ac
minutes:aa
onHeaderKeyDown_:Gm
GenreId:Sh
getDomHelper:M
ddlMultiNinios:jg
cortinilla:Wa
onSearchClick_:Pm
getAutoHilite:Nl
ddlMultiChildren:ue
btn_buscar_:il
onKey_:Pj
outstandingEvents_:Uj
deltaX:bc
values:d
deltaY:cc
elMonth_:gc
expanded_:Hb
moduleIds:so
storeMousePos_:nh
showPopup_:mk
stopTime:zo
date_:Q
overflowConstraint_:Zg
patternParts_:I
i18nDateFormatterYear_:Me
getValues:Aa
vuelos_solo_ida:Kk
batchModeEnabled_:li
allowAutoFocus_:Sf
value_:zc
withCredentials_:Fn
firstDayOfWeek_:Kb
vuelos:vf
moduleResults:Ka
showOtherMonths_:lk
elExpandedHeader_:mg
dispatchAnimationEvent:xa
elTable_:ra
getHandler:h
blockIncrement_:Va
childIndex_:ka
selectionHandler_:Qd
elFootRow_:xe
allowFreeSelect_:fi
tcAirItineraryField:qn
proxy:ef
onEnd:Tb
SHORTMONTHS:Hf
handleThumbDragStartEnd_:Yi
tabvuelos_ida_vuelta_t:rh
loadModules_:Ve
keyPressKey_:Pe
STANDALONEWEEKDAYS:$h
dateTimeFormatter_:bg
parent_:q
txtDateMultiO4:yh
successFn:oh
vuelos_ida_vuelta_t:Ik
searchParams:yo
upsideDown_:Ek
elHeader_:Jc
extent_:sa
hidePopupElement:cj
childTooltip_:oi
rowNode:xo
dragger:lg
cb:ni
literals_:wj
userSelectableDateRange_:$d
cleanupWhenDone:pl
FIRSTDAYOFWEEK:ce
creationStack:ho
immediatelyCancelDelayedDismiss_:hj
Year:ai
txtDateMultiO1:vh
txtDateMultiO2:wh
txtDateMultiO3:xh
ieProgId_:fj
throwError:rn
endDrag:Be
showForElement:Td
STANDALONESHORTMONTHS:Kf
listener:kc
defaultThreshold_:jo
popupContent:Wm
handleYearMenuClick_:Zl
fn_:Ee
timeZoneId_:zk
setVisible:Ma
target_:ca
timeoutInterval_:rf
nextId_:Qg
el:Hc
renderFlightsResults:an
handleTooltipMouseOver:aj
month:Tc
seenInteraction_:kf
propagationStopped_:qc
maybeShow:Bj
btnReserve:hl
minExtent_:Ye
Cache:Gn
setMaximum:of
getStep:Cd
fn:Ll
dp_txtFechaMultiO1:Gb
FrequentPassenger:In
MONTH_DAY_ABBR:Jn
handleMenuClick_:Qi
MONTH_DAY_YEAR_MEDIUM:Nn
handleMouseDown_:Ti
rblMultiStop:sc
matcher_:Ld
enabled_:ng
agregarOcultar1:Yb
agregarOcultar2:jb
dismissTimer_:dc
extentDragger_:Ib
fps:lo
decoratorFunction_:zi
lastValue_:Ig
agregarOcultar3:kb
agregarOcultar4:Zb
minimum_:Qa
onAnimationFinish:Hj
tick_:sn
userLastActive_:Fk
tracerCount_:un
exitDocument:ma
lihoteles:ro
hiliteId_:Nb
divFilters:Dl
otag:Sm
userInitiatedLoadingModuleIds_:kd
modal_vuelos:Ze
flipForRtl_:Ha
containsValue:td
mouseEventHandler_:Ej
corner:le
isHandleMouseWheel_:hm
scheme_:Vb
sequence_:lf
altKey_:Uf
autos:ao
lastUri_:Hg
getBrowserEvent:Mi
waitingForIme_:Xb
rangeModel:w
MONTH_DAY_MEDIUM:Ln
earlyOnloadCallbacks_:Fi
removeChildren:ak
txt2VFechaMulti:gd
dateTimeParser_:wi
allowNone_:Tf
matchListener_:qm
getModuleContext:Ni
dayOfWeek:cg
eventTime:Ji
longDateFormat_:om
setExtent:nf
dir_:Cl
onReadyStateChange_:Rj
cleanupSend_:pi
listeners:ea
rangeHighlight:fa
lastMethod_:lm
DocumentNumber:Lh
stats_:wk
listener_:Mg
equals:Kc
Genre:Rh
error_:Ce
hysteresisDistanceSquared_:dj
onPayClick:Jm
highlightedClassName:am
vuelos_ida_vuelta:Hk
boundTick_:Yf
getContentElement:Za
resultsLoaded:ek
step_:vc
tabvuelos_multi_destinos:sh
lbMultidestino:Lg
months:Ca
enableCrossIframeDismissal_:Fl
onIeKeyPress_:Mj
setParentEventTarget:Sd
startDrag:sk
dispose:m
freeQueue_:tg
maxCount_:sm
renderRow:vo
showTransition_:Ud
anim_:Ua
lastTarget_:Te
onDocumentMouseDown_:Lj
getKeys:ab
hilitedRow_:Le
getTag:vg
useRightPositioningForRtl_:xc
applyStandardPattern_:ee
AMPMS:yf
handleMouseWheel_:Xl
pageScroll:$g
wdayStyles_:wf
segmentSelected:dd
callback:sd
extentThumb:Ga
MODULE_REGISTER_CSS:Ok
onChangedropdownlistMultiAges:Jj
handler:Je
i18nDateFormatterMonthYear_:dm
mouseDownTime_:$e
isRightToLeft:Pb
handleEvent_:Pl
MONTHS:Ff
platformModifierKey:Vm
Month:Uh
removeAll:gb
lastError_:Re
numMonths:Md
handleKeyup_:Tl
setElement:hh
uris_:jd
wasHighlightedAtLeastOnce_:Mk
rowClassName:fh
txtFechaMultiO1:Xd
then:ed
txtFechaMultiO2:Do
onModuleResultsLoaded:Im
onScroll_:Om
str:pn
cellIdGenerator_:nl
txtFechaMultiO3:Eo
SHORTWEEKDAYS:Jf
txtFechaMultiO4:Fo
ddlClassMulti:xi
overflow_:Tm
loadingModuleIds_:Rb
getListener:Bd
standardOffset_:mh
moduleInfoMap_:pa
STANDALONENARROWMONTHS:Yh
lastHideTime_:qj
onKeyUp_:Oj
txtMultiO1:Ab
module_:nc
DayId:Kh
txtMultiO4:Eh
txtMultiO2:Ch
rightToLeft_:xb
handleMenuKeyPress_:Ri
txtMultiO3:Dh
oquery:uo
FirstName:Df
handleMouseOver:Vi
responseTexts:eh
startTime_:nn
silentlyCanceled_:lh
endAnimation_:Gl
count_:L
helper_:Mc
whitespaceWrapEntries_:Dn
queryData_:fb
inAbort_:jc
progress:La
oper:cf
commentCount_:sl
unlisten:ga
imgCortinilla:gj
onFulfilled:Vg
path_:cb
dialogo:we
googUiComponentHandler_:Lb
hidePopup:zg
autoHidePartners_:ii
showToday_:ok
last_:Jg
getMinimum:R
onCancelClick:Am
timeoutId_:qf
onClickFilterCheckBoxUI_:Cm
modal_vuelos_2:Sc
modal_vuelos_1:mc
handleGridClick_:Ql
modal_vuelos_0:Rc
intTabModalidadVuelos:Bg
coordinate:$f
id_:H
query:ad
typeCount_:Yd
isVisible:oa
MONTH_DAY_FULL:Kn
map_:T
ERANAMES:Ph
fragment_:ic
ids:i
LastName:Ef
loader_:We
previousYear:$m
blocking_:gl
datePicker_:Fa
scrollTarget_:dn
idPool_:ej
keyUpKey_:Qe
isReadOnly_:im
disposeObject:Di
getId:$a
previousMonth:Xj
isRtl_:jm
timerObject_:fd
Cant:zf
eventTargetListeners_:Oa
clusters:mb
onClickOnSelectedTab:Dm
elements_:hc
onErrorCallbacks_:Ug
onloadCallbacks_:Yg
maximum_:Ja
keyMap_:O
tzOffset:Hh
widthProvider_:En
activeMonth_:P
encodedQuery_:ya
animationDuration:dl
popup:ah
consecutiveFailures_:ke
callbackMap_:je
showFixedNumWeeks_:kk
keys_:B
comment:rl
getInstance:Lc
type_:hd
DocumentNumberId:Mh
base:W
milliseconds:Pg
ampm:gi
currentFilters_:t
onHide_:Wg
seconds:ba
loadingModulesStatus_:tb
objResults:v
varAlloc:Gk
handleBeforeDrag_:Oi
selectNone:ik
state_:r
anchorElement_:bl
errorFn:pg
startPoint:Vd
version_:ae
onDocumentBlur_:Kj
deps_:Ci
useStandardHighlighting_:Bn
replacer_:hf
returnValue_:fk
updateStyle:wc
ZERODIGIT:Of
activateHandler_:Pf
accel_:ci
mute_:Wc
cmbHabitaciones:co
dateSelected:vi
browserEvent:bo
i18nDateFormatterDay_:cm
arrResults:hi
animationAcceleration:cl
element_:c
contentKind:wl
userInfo_:yc
triggerSuggestionsOnUpdate_:Ak
continue_:ri
elYear_:xd
token:Co
isChanging_:bb
MonthId:Vh
handleClick_:Pi
symbols_:ib
handleMouseMove:Ui
queue:ub
processBlur:Zj
date:j
inOpen_:Ag
filterObject:Ya
LastNameId:Th
ac_txt_Multi_D1:Sn
thumbToMove_:Na
hadError_:Dd
events_:Ki
onPopup_:Km
wrap_:Nk
isRowDisabled:Cg
startDate_:mn
onTick_:Tj
tag:va
activeEl_:ja
setObjectResults:hn
cursorPosition:ag
registerCallback_:gf
showTimer:Wb
labelInput_:Eg
onRejected:Xg
onDateChanged_:Od
rowJustSelected_:gh
act_xt_Multi_O1:Zn
handleLoadTimeout_:Vl
requestedModuleIds_:Pd
handleMouseOver_:Wi
menuFadeDuration_:Xe
vuelos_ida_vuelta1:Go
YearId:bi
autoHideRegion_:ji
passengerInfoDiv:Um
legacyActiveClassName_:tj
__iterator__:qd
valueThumb:A
instance_:lj
MONTH_DAY_SHORT:Mn
abutStart:Cc
WEEKDAYS:Mf
NARROWWEEKDAYS:Rk
rows_:F
elMonthYear_:ye
animation_:Dc
dataResults_:yl
showMonthMenu_:kn
inDocument_:ia
handleKeyUp:Sl
separatorUpdates_:gn
ac_txt_Multi_D3:Un
ac_txt_Multi_D2:Tn
ac_txt_Multi_D4:Vn
responseType_:dk
registerCallback:ff
