showOtherMonths_:zi
keyHandlers_:Zb
year:Za
dispatchAnimationEvent:Pa
elTable_:ca
getHandler:h
ddlMultiAdults:zc
score:ui
tcAirSearchRSField:xa
currentClusterVisible:od
reposition:za
childIndex_:X
eh_:R
selectionHandler_:Sc
children_:U
callbackEntries_:oa
onMouseDown_:fi
elFootRow_:yd
ac_txt_Multi_O2:Hl
moduleConstructor_:rk
disposed_:Tb
ac_txt_Multi_O4:Jl
ac_txt_Multi_O3:Il
airport:bb
allowFreeSelect_:Ng
tcAirItineraryField:bl
Promise:Fg
proxy:ae
handleFocus:wh
onEnd:fc
SHORTMONTHS:xe
grid_:hb
DATEFORMATS:Ib
tabvuelos_ida_vuelta_t:Zf
loadModules_:Rd
keyPressKey_:Md
STANDALONEWEEKDAYS:Ig
visible_:sc
showScrollbarsIfTooLarge_:Bi
dateTimeFormatter_:Ve
parent_:m
txtDateMultiO4:eg
uri_:ll
tabvuelos_ida_vuelta:Yf
ddlMultiAge6:ud
callOnce:kd
ddlMultiAge4:sd
superClass_:e
ddlMultiAge5:td
successFn:Wf
ddlMultiAge2:qd
vuelos_ida_vuelta_t:Si
ddlMultiAge3:rd
searchParams:hm
onButtonReturnClick_:Xh
upsideDown_:Oi
separatorCheck_:Qk
hidePopupElement:Ch
loadRequested:Sh
popup_:Ha
vuelos_multi_destinos:Ti
errorDispatched_:df
rowNode:fm
cb:Ug
onCancelFunction_:Yh
elNone_:lh
literals_:Rh
userSelectableDateRange_:ad
cleanupWhenDone:wj
WEEKENDRANGE:De
onDocumentKeyDown_:wk
FIRSTDAYOFWEEK:cd
DAY_ABBR:sl
loops:Th
creationStack:Ql
immediatelyCancelDelayedDismiss_:Gh
updateDuringTyping_:kl
lastKeyCode_:Ph
requestedLoadingModuleIds_:Va
DocumentTypeId:ug
showWeekdays_:Di
ddlMultiAge1:pd
ddlMultiInfants:wd
Year:Jg
getElement:j
days:ha
txtDateMultiO1:bg
txtDateMultiO2:cg
txtDateMultiO3:dg
ac_:w
ddlMultiBebes:Xe
register:lb
ieProgId_:Eh
throwError:cl
resolve:ri
WEEKDAY_MONTH_DAY_MEDIUM:zl
handleKeyDown_:Uj
STANDALONESHORTMONTHS:Ae
listener:wb
getBaseCssClass:c
defaultThreshold_:Sl
onAnimate:Ff
popupContent:Gk
customRenderer_:yc
currentlyLoadingModule_:Zg
handleYearMenuClick_:$j
fn_:Dd
timeZoneId_:Ji
airlines:Ie
liautos:Yl
vuelos_multi_destino3:bd
onReserveClick:Bk
vuelos_multi_destino4:tc
eventPool_:Lj
vuelos_multi_destino2:qm
target_:P
keyCode_:jb
shouldHideAsync_:Vk
timeoutInterval_:he
txtMultiD1:Ya
txtMultiD2:fg
nextId_:Ef
fps_:sh
el:Ub
txtMultiD3:gg
txtMultiD4:hg
popupCorner_:Hk
handleError_:mf
month:cc
maxClusterVisibles:Td
departureTimes:ra
propagationStopped_:Cb
btnReserve:oj
disposeInternal:g
child:Nb
nextMonth:Wh
handleBlur:Qj
topAlign_:ie
fn:Nj
dp_txtFechaMultiO1:cb
pseudos:Db
MONTH_DAY_ABBR:tl
unblockAndFulfill_:Mi
handleMenuClick_:xh
MODULE_RESULTS_CSS:Zi
menu_:xb
MONTH_DAY_YEAR_MEDIUM:xl
handleMouseDown_:zh
active_:$a
rblMultiStop:Eb
createObjectFn_:Yg
matcher_:Nc
FIRSTWEEKCUTOFFDAY:dd
agregarOcultar1:ob
agregarOcultar2:La
hoteles:Wl
dismissTimer_:qb
fps:Tl
decoratorFunction_:eh
lastValue_:xf
passengerInfo:B
handleGridKeyPress_:Tj
agregarOcultar3:Ma
agregarOcultar4:pb
createObject:nd
frmAir:Ed
keyDownKey_:sf
isClick:Kh
tick_:dl
userLastActive_:Pi
clone:o
executeCallbacks_:Cd
tracerOverheadEnd_:il
tracerCount_:gl
exitDocument:da
lihoteles:Zl
listenOnce:Mc
hiliteId_:ib
YEAR_MONTH_FULL:fj
otag:Ck
divFilters:Gj
QUARTERS:we
userInitiatedLoadingModuleIds_:rc
trimmer_:Li
modal_vuelos:Vd
years:ka
createDom:D
corner:Ue
attachInputs:Me
cachedOptions_:jd
scheme_:mb
sequence_:fe
parentEventTarget_:$d
xhr_:n
addEvents:hj
baseModuleInfo_:hd
altKey_:Le
dismiss:Oa
autos:Ml
lastUri_:wf
disposeObjectFn_:jh
eventType:ff
attrs:gd
getBrowserEvent:th
keyHandler_:Kc
nextYear:sk
waitingForIme_:nb
fired_:eb
commentStrip:Aj
MONTH_DAY_MEDIUM:vl
activeTimeoutId_:He
earlyOnloadCallbacks_:kh
deferred:Fj
obMetaData:am
deferred_:gh
removeChildren:pi
txt2VFechaMulti:Yc
estimatedTimes:ta
actualEventTarget_:gj
firstRowId_:Y
dateTimeParser_:ah
allowNone_:Ke
tblEdades:jm
matchListener_:mk
onBegin:Bb
tabvuels_solo_ida:ag
getModuleContext:uh
onChangedropdownlistMultiEdades:Zh
OnModuleSearchLoaded:bj
dayOfWeek:We
era:oh
inSend_:Ld
eventHandler_:tb
renderOne:Mk
eventTime:ph
loadModules:jk
YEAR_MONTH_ABBR:Cl
idGenerator_:fk
longDateFormat_:kk
onReadyStateChange_:gi
cleanupSend_:Vg
TIMEFORMATS:vc
unblockAndReject_:Ni
listeners:$
menuSelected_:$b
lastKey_:ia
lastMethod_:hk
lastDivVisiblePosition:Mh
DocumentNumber:rg
stats_:Hi
canDecorate:Tg
listener_:Af
responseTexts_:ee
removed:kc
matchFor:Bf
equals:Cc
Genre:yg
callback_:sj
branches_:Qe
error_:Bd
xhrOptions_:pe
highlightedClassName:ak
toIsoString:Xc
vuelos_ida_vuelta:Ri
STANDALONESHORTWEEKDAYS:Be
boundTick_:Pe
position_:Nf
domain_:Qa
tabvuelos_multi_destinos:$f
lbMultidestino:zf
port_:hc
simpleNavigation_:Ei
months:ja
enableCrossIframeDismissal_:Ij
onIeKeyPress_:bi
lastResortOverflow_:ik
setParentEventTarget:Uc
lastActive_:Lh
objPopup:Ab
highlightAllTokens_:Id
dispose:l
freeQueue_:hf
maxCount_:ok
ERAS:ue
getResponseTexts:kf
renderRow:dm
maxMatches_:pk
interval_:Xb
token_:Aa
onClickRadiosModalidadVuelos:Gf
showTransition_:Vc
amountCurrencys:la
dataResults:Rl
showWeekNum_:Tf
debugMode_:Ac
row:Fb
continueHidingPopup_:Wg
attr:Ne
render:lc
arrivalTimes:na
closePopup:xj
getDatePicker:Ec
lastTarget_:Pd
scrollerListener:gm
baseCssClass_:mj
onDocumentMouseDown_:ai
ddlMultiMonths3:$e
ddlMultiMonths2:Ze
ddlMultiMonths1:Ye
getKeys:Ea
rph:Pk
objSearch:ec
hilitedRow_:Jd
getTag:lf
ddlMultiMonths6:bf
ddlMultiMonths5:af
useRightPositioningForRtl_:om
ddlMultiMonths4:dh
applyStandardPattern_:ed
AMPMS:qe
hideTransition_:Hc
menuCallback_:Cf
i18nDateFormatterDay2_:bk
wdayStyles_:oe
segmentSelected:mc
callback:xc
rowDivs_:Gb
MODULE_REGISTER_CSS:Yi
handler:Hd
showYearMenu_:Xk
event_:Ca
i18nDateFormatterMonthYear_:dk
hadUnhandledRejection_:Gd
handleEvent_:Rj
MONTHS:ve
platformModifierKey:Fk
Month:Cg
removeAll:jc
lastError_:Od
numMonths:Oc
handleKeyup_:Wj
model_:qk
uris_:qc
sourceUrlInjection_:Fi
script_:vi
wasHighlightedAtLeastOnce_:Wi
onShow_:ji
rowClassName:Qf
txtFechaMultiO1:Zc
then:nc
txtFechaMultiO2:lm
str:al
cellIdGenerator_:tj
txtFechaMultiO3:mm
SHORTWEEKDAYS:ze
txtFechaMultiO4:nm
handleSuccess_:nf
ddlClassMulti:bh
overflow_:Dk
loadingModuleIds_:kb
stops:wa
anim:Ll
btnreturnresults:qj
getListener:Fc
standardOffset_:Vf
activeElement_:k
xmlHttpFactory_:uc
PassengerInfoId:cj
enterDocument:S
dataSelected:$g
STANDALONEMONTHS:Jb
handler_:I
moduleInfoMap_:aa
STANDALONENARROWMONTHS:Gg
availability:Q
STANDALONENARROWWEEKDAYS:Hg
lastErrorCode_:Lc
NARROWMONTHS:Eg
metaData:Uh
chkAgree:uj
isVisible_:Yb
lastHideTime_:Nh
timer_:K
onKeyUp_:di
tzNames_:mg
txtMultiO1:Ka
module_:zb
renderer_:ea
attach:fd
DayId:qg
ignoreCase_:ua
elToday_:mh
txtMultiO4:kg
txtMultiO2:ig
rightToLeft_:em
handleMenuKeyPress_:yh
txtMultiO3:jg
Window:dj
oquery:cm
wasDecorated_:Vi
FirstName:wg
YEAR_FULL:ej
objresultados:V
responseTexts:Pf
startTime_:Zk
silentlyCanceled_:Uf
unhandledErrorId_:ke
count_:L
tableFoot_:Ii
transitions_:je
margin_:lk
initialModulesLoaded_:Ic
helper_:Wb
renderFilters:Lk
whitespaceWrapEntries_:pl
queryData_:Ia
inAbort_:vb
progress:va
oper:Zd
endTime:nh
commentCount_:zj
startRenderingRows_:Gi
airLines:ab
unlisten:W
imgCortinilla:Fh
onFulfilled:If
applyPattern_:wc
path_:Ga
dialogo:xd
googUiComponentHandler_:gb
popupParentElement_:mi
hidePopup:of
dateTimeSymbols_:s
doAction_:Hj
TypeDesc:yl
result_:Wa
autoHidePartners_:Pg
generales:Ul
showToday_:Ci
Desc:te
generateNewTokenOnLiteral_:Oj
lastInitialModuleId_:Oh
last_:yf
useSimilar_:ml
img_cortinilla:Xl
document_:p
wdayNames_:ol
hiliteId:Ta
dp_txt2VFechaMulti:rb
timeoutId_:ge
departureAirports:qa
modal_vuelos_2:bc
ddlAerolinea:Dj
modal_vuelos_1:yb
handleGridClick_:Sj
modal_vuelos_0:ac
intTabModalidadVuelos:qf
id_:t
tracerOverheadComment_:hl
query:ic
typeCount_:$c
isVisible:ya
MONTH_DAY_FULL:ul
livuelos:Qd
map_:Fa
ERANAMES:vg
elNavRow_:Ad
fragment_:ub
ids:d
LastName:Ag
loader_:Sd
onRegisterLoaded_:Ak
previousYear:Kk
blocking_:nj
WEEKDAY_MONTH_DAY_YEAR_MEDIUM:Al
contenido:Te
datePicker_:pa
idPool_:Dh
lastShowTime_:vf
keyUpKey_:Nd
YEAR_FULL_WITH_ERA:Bl
classes:Na
isReadOnly_:gk
disposeObject:ih
getId:Da
setFilterOptions:Tk
cantidad_Habitaciones_Visibles:Nl
hideOnEscape_:Bh
onKeyDownOnInactiveElement_:xk
previousMonth:ni
timerObject_:oc
Cant:re
preventDefaultOnTab_:Ik
eventTargetListeners_:Ra
activeClassName:Mg
clusters:Se
onClickOnSelectedTab:vk
onErrorCallbacks_:Hf
onloadCallbacks_:Kf
hours:F
keyMap_:J
filterResults:M
extraWeekAtEnd_:Mj
SHORTQUARTERS:ye
tzOffset:ng
multi_:dc
i18nDateFormatterWeek_:ek
lastFrame:uf
widthProvider_:ql
btnreturnsearch:Re
DocumentType:tg
activeMonth_:G
encodedQuery_:sa
decorateInternal:Rb
OnModuleResultsLoaded:aj
useXhr2Timeout_:og
popup:Mf
consecutiveFailures_:md
onReadyStateChangeEntryPoint_:zk
callbackMap_:ld
showFixedNumWeeks_:yi
getPreserveHilited:Vl
keys_:A
txtVDateMultiD1:lg
arrivalAirPorts:ma
comment:yj
firstWeekCutOffDay_:Dc
getInstance:Vb
onKeyPress_:ci
setIgnoreCase:Sf
type_:pc
DocumentNumberId:sg
base:ga
container:Pl
milliseconds:Df
endDate_:Jj
ampm:Og
ambiguousYear:ij
seconds:O
reposition_:Nk
separatorSelects_:Rk
loadingModulesStatus_:Ua
objResults:u
varAlloc:Qi
getCount:jf
selectNone:wi
state_:C
timeout_:Xa
anchorElement_:kj
handleLoadError_:Xj
errorFn:ef
startPoint:Wc
version_:me
onDocumentBlur_:$h
deps_:hh
handleMonthMenuClick_:Zj
chkInputs:vj
useStandardHighlighting_:nl
moduleContext_:Vh
concurrentLoadingEnabled_:Bj
defaultScope_:fh
amountCurrencyLocalField:jj
passenger:gc
requestUris:qi
replacer_:de
returnValue_:ti
ocultar:bm
updateStyle:le
DATETIMEFORMATS:se
onBuscarClick_:tk
tracerOverheadStart_:jl
infixOper:Hh
matchWordBoundary_:nk
onDisposeCallbacks_:Yd
ZERODIGIT:Ee
getElementByClass:Fd
defaultSeparator_:Ej
activateHandler_:Ge
accel_:Lg
autoHide_:Rg
cmbHabitaciones:Ol
totalVarAlloc:fl
callbackParamName_:rj
i18nDateFormatterDay_:ck
statPool_:$k
arrResults:Ba
element_:a
contentKind:Cj
userInfo_:Hb
separators_:Tc
triggerSuggestionsOnUpdate_:Ki
continue_:Xg
rightAlign_:Ok
elYear_:Bc
token:el
popupDatePicker_:q
endPoint:Kj
dom_:i
Type:Kb
MonthId:Dg
handleClick_:vh
symbols_:Ja
tableBody_:Xf
onSeleccionarClick_:hi
Day:pg
processBlur:oi
requestedModuleIdsQueue_:ba
date:f
tblPax:km
inOpen_:pf
nozip:Wd
executing_:gf
LastNameId:Bg
ac_txt_Multi_D1:Dl
objRender:Pc
FirstNameId:xg
hadError_:Gc
isActive:Jc
listen:b
autoHilite_:lj
onSelectStops_:ii
blocked_:Oe
events_:qh
onPopup_:yk
wrap_:Xi
preventSelectionOnTab_:Jk
isRowDisabled:rf
startDate_:Yk
destroyMenu_:Sb
onTick_:ki
inputToAnchorMap_:Ih
tag:fa
day:Qb
selectToday:xi
registerCallback_:ce
renderRows:Of
containsKey:Ob
minutes:N
labelInput_:tf
onRejected:Jf
onDateChanged_:Qc
GenreId:zg
getDomHelper:T
onClickAgregarQuitarMultiplesDestinos:Xd
ddlMultiNinios:cf
rowJustSelected_:Rf
cortinilla:Pb
act_xt_Multi_O1:Kl
getAutoHilite:Pj
handleLoadTimeout_:Yj
requestedModuleIds_:Rc
handleMouseOver_:Ah
menuFadeDuration_:Ud
ddlMultiChildren:vd
btn_buscar_:pj
onKey_:ei
vuelos_ida_vuelta1:pm
YearId:Kg
outstandingEvents_:li
autoHideRegion_:Qg
passengerInfoDiv:Ek
legacyActiveClassName_:Qh
__iterator__:Fe
elMonth_:sb
moduleIds:$l
onClickFilter_:uk
instance_:Jh
MONTH_DAY_SHORT:wl
abutStart:Lb
showPopup_:Ai
WEEKDAYS:Ce
NARROWWEEKDAYS:$i
stopTime:im
rows_:r
date_:H
overflowConstraint_:Lf
filterOptions:rh
elMonthYear_:zd
patternParts_:v
i18nDateFormatterYear_:Kd
animation_:Mb
getValues:Sa
vuelos_solo_ida:Ui
batchModeEnabled_:Sg
allowAutoFocus_:Je
setFilterResults:Uk
showMonthMenu_:Wk
withCredentials_:rl
inDocument_:Z
firstDayOfWeek_:fb
handleKeyUp:Vj
vuelos:ne
separatorUpdates_:Sk
ac_txt_Multi_D3:Fl
ac_txt_Multi_D2:El
ac_txt_Multi_D4:Gl
responseType_:si
registerCallback:be
