goog$module$ModuleManager:Pc
JSCompiler_StaticMethods_resolve_:Xa
JSCompiler_StaticMethods_requeueBatchOrDispatchFailure_:fd
JSCompiler_StaticMethods_isCss1CompatMode:Je
goog$net$jsloader$loadMany:Ed
goog$userAgent$getDocumentMode_:ob
goog$functions$TRUE:$i
goog$fx$TransitionBase:eh
JSCompiler_StaticMethods_setValues:si
goog$Uri$reDisallowedInSchemeOrUserInfo_:Pi
goog$net$XhrIo:qd
goog$async$run$processWorkQueue:Ta
goog$net$XmlHttpFactory:id
goog$fx$dom$PredefinedEffect:wh
goog$disposeAll:nb
JSCompiler_StaticMethods_isModuleLoading:Xc
goog$net$jsloader$load:Gd
goog$dom$forms$getValue:ii
goog$date$Interval$DAYS:Sf
goog$fx$AnimationEvent:vh
goog$json$Serializer:nj
goog$math$Coordinate:T
goog$net$jsloader$ErrorCode$TIMEOUT:Kd
goog$i18n$DateTimeFormat:dg
goog$style$getStyle_:mf
JSCompiler_StaticMethods_matchString_:ng
goog$async$run$workQueueScheduled_:Qa
goog$Uri$reDisallowedInAbsolutePath_:Qi
flights$Register:mj
goog$dom$getElement:U
goog$array$slice:Me
JSCompiler_prototypeAlias:n
JSCompiler_stubMap:da
goog$structs$forEach:Ac
navigator$$inline_110:Wd
goog$style$isRightToLeft:rf
goog$ui$ac$AutoComplete$EventType$SELECT:vg
goog$userAgent$IE:R
JSCompiler_unstubMethod:He
goog$string$isEmptyOrWhitespace:Re
flights$template$register$register:vj
goog$ui$ac$ArrayMatcher$getPrefixMatchesForRows:rg
goog$net$Jsonp$scriptCounter_:Ti
goog$module$ModuleLoadCallback:fc
goog$Promise$State_$REJECTED:$a
JSCompiler_StaticMethods_setMargin:Xi
JSCompiler_StaticMethods_Filters:lj
goog$events$onStringMap_:Kb
goog$dom$append_:se
goog$async$nextTick$setImmediate_:Ua
goog$userAgent$product$detectedIpad_:ke
JSCompiler_StaticMethods_ensureNotVisible_:Vh
soy$esc$$0$0ESCAPE_MAP_FOR_ESCAPE_HTML__AND__NORMALIZE_HTML__AND__ESCAPE_HTML_NOSPACE__AND__NORMALIZE_HTML_NOSPACE_:hf
JSCompiler_StaticMethods_dismissOnDelay:Ig
goog$dispose:lb
goog$uri$utils$split:nd
JSCompiler_StaticMethods_removeByKey:Cb
goog$uri$utils$splitRe_:pd
goog$module$ModuleLoader$EventType$REQUEST_ERROR:Td
goog$date$DateTime:$f
JSCompiler_StaticMethods_parseInt_:mg
JSCompiler_StaticMethods_getObjectValuesAndCount:kj
goog$async$throwException:La
goog$events$getListenerMap_:Hb
JSCompiler_StaticMethods_getTimezoneOffsetString:Zf
goog$fx$anim$cycleAnimations_:rh
goog$isDef:x
JSCompiler_StaticMethods_removeUnhandledRejection_:bb
goog$ui$InputDatePicker:ei
goog$async$Delay:nh
JSCompiler_StaticMethods_isOrWithinAutoHidePartner_:Yh
goog$debug$Trace_:Jc
goog$net$jsloader$scriptsToLoad_:Fd
goog$net$XhrIo$ResponseType$DEFAULT:rd
goog$structs$Map:Fc
goog$events$listenOnce:ue
JSCompiler_StaticMethods_setDatePickers:Ci
goog$date$Interval$MINUTES:Uf
goog$events$EventHandler$typeArray_:fe
goog$ui$Popup:ai
goog$events$listen_:Gb
goog$events$KeyCodes$normalizeGeckoKeyCode:Rg
JSCompiler_StaticMethods_setId:Jf
goog$a11y$aria$setActiveDescendant:Ng
goog$net$jsloader$getScriptParentElement_:Md
goog$dom$classlist$contains:$g
goog$array$some:sc
ua$$inline_290:me
goog$ui$IdGenerator:Gf
goog$fx$Animation:th
goog$Thenable$addImplementation:ta
JSCompiler_StaticMethods_check_:oc
goog$dom$setProperties:Zb
goog$style$getPixelStyleValue_:uf
JSCompiler_returnArg:ba
goog$net$DefaultXmlHttpFactory:jd
goog$events$unlisten:Pb
goog$addSingletonGetter:fa
goog$dom$classlist$get:Zg
goog$labs$userAgent$util$userAgent_:Fa
doc$$inline_154:be
JSCompiler_StaticMethods_decorate:Mf
goog$style$getBorderBox:Ff
goog$dom$classlist$addAll:bh
goog$dom$selection$canonicalizePositionIe_:Hg
JSCompiler_StaticMethods_addPreventDefaultClickHandler_:Oh
goog$userAgent$GECKO:L
goog$dom$DomHelper:Wb
goog$dom$defaultDomHelper_:Yb
goog$string$NULL_RE_:Ce
goog$ui$Component$defaultRightToLeft_:If
goog$date$DateRange:Jh
goog$events$KeyHandler$USES_KEYDOWN_:Ji
JSCompiler_StaticMethods_enforceReadOnly:$
goog$object$forEach:Ga
goog$events$KeyHandler:Sg
goog$module$ModuleInfo:gc
goog$userAgent$product$CHROME:Rd
goog$object$getKeys:Ia
goog$events$BrowserEvent:ub
goog$string$toTitleCase:cf
flights$template$results$popupContent:ej
JSCompiler_StaticMethods_addChildPromise_:eb
JSCompiler_StaticMethods_getDaylightAdjustment:cg
flights$template$register$passengerInfo:uj
JSCompiler_StaticMethods_splitInput_:Eg
goog$dom$classlist$removeAll:dh
goog:vd
goog$async$run:Na
JSCompiler_StaticMethods_getRowFromEventTarget_:Hh
JSCompiler_StaticMethods_getDocument:Ke
goog$dom$getDomHelper:O
goog$ui$DefaultDatePickerRenderer:Kh
JSCompiler_StaticMethods_registerErrback:hc
goog$string$GT_RE_:ze
goog$style$getIePixelValue_:Bf
goog$date$Interval$YEARS:Qf
goog$style$MATRIX_TRANSLATION_REGEX_:tf
goog$a11y$aria$setState:Lg
goog$ui$ac$InputHandler$REQUIRES_ASYNC_BLUR_:Li
goog$array$sort:af
goog$ui$ac$AutoComplete$EventType$CANCEL_DISMISS:wg
goog$net$Jsonp:wi
goog$date$DateRange$MINIMUM_DATE:Mi
JSCompiler_StaticMethods_processModulesForLoad_:$c
goog$dom$BrowserFeature$CAN_ADD_NAME_OR_TYPE_ATTRIBUTES:ee
JSCompiler_StaticMethods_createCortinilla:Bi
JSCompiler_StaticMethods_maybeFixDst_:Yf
JSCompiler_StaticMethods_render_:Lf
goog$date$Date:Wf
JSCompiler_StaticMethods_registerModuleLoadCallbacks_:Wc
goog$net$XhrIo$HTTP_SCHEME_PATTERN:Cd
JSCompiler_StaticMethods_setQueryData:mi
goog$async$Deferred:lc
goog$module$ModuleLoader$LoadStatus:Ud
JSCompiler_StaticMethods_hiliteRow:Ch
goog$dom$getElementByClass:S
goog$events$ListenerMap:Bb
goog$array$forEach:P
goog$userAgent$product$IPHONE:ne
goog$string$SINGLE_QUOTE_RE_:Be
goog$i18n$DateTimeFormat$validateDateHasTime_:hg
goog$dom$createDom:Te
goog$typeOf:ga
goog$date$Interval$SECONDS:Vf
goog$object$add:Ye
goog$object$createSet:Xe
goog$i18n$DateTimePatterns_en:Oi
goog$userAgent$X11:$d
goog$array$indexOf:ya
goog$i18n$DateTimeFormat$TOKENS_:Fi
goog$userAgent$isVersionOrHigher:K
goog$dom$selection$getRangeIe_:Gg
goog$Thenable$isImplementedBy:ua
goog$events$Listener:yb
JSCompiler_StaticMethods_dispatchModuleLoadFailed_:Sc
goog$string$AMP_RE_:xe
L 1:b
JSCompiler_StaticMethods_fireChangeActiveMonthEvent_:Sh
goog$events$KeyHandler$keyIdentifier_:Ii
L 0:a
goog$debug$Error:va
L 3:f
L 2:e
L 5:h
L 4:g
JSCompiler_StaticMethods_fireListeners:Ub
L 7:m
L 6:l
L 9:q
L 8:p
goog$date$getNumberOfDaysInMonth:Pf
goog$async$run$workQueue_:Ra
goog$array$toArray:Ba
goog$isFunction:B
goog$dom$getElementsByClass:Ue
goog$string$padNumber:V
goog$net$XhrIo$send:wj
goog$style$getClientPositionForElement_:sf
goog$net$jsloader$cleanup_:Id
JSCompiler_StaticMethods_loadModulesOrEnqueue_:Zc
JSCompiler_StaticMethods_updateResult_:mc
JSCompiler_StaticMethods_onError:kc
JSCompiler_StaticMethods_evaluateCode_:Od
goog$array$filter:gd
goog$fx$anim$animationDelay_:ph
JSCompiler_StaticMethods_scheduleCallbacks_:db
goog$Promise$addUnhandledRejection_:hb
goog$debug$Trace_$longToPaddedString_:Nc
goog$module$ModuleLoader$EventType$REQUEST_SUCCESS:Qd
JSCompiler_StaticMethods_localizeNumbers_:gg
goog$debug$Trace_$Event_:Kc
JSCompiler_StaticMethods_createMenu_:Ph
goog$math$Size:Le
goog$debug$Trace_$formatTime_:Oc
goog$events$ListenerMap$findListenerIndex_:Db
JSCompiler_StaticMethods_hide_:Xh
JSCompiler_StaticMethods_ensureKeyMapInitialized_:ui
JSCompiler_StaticMethods_selectHilited:Ag
JSCompiler_StaticMethods_SearchflightsIE:Ei
goog$math$Box:jf
JSCompiler_StaticMethods_setAllModuleInfo:Qc
goog$style$getPageOffset:qf
JSCompiler_StaticMethods_format:eg
goog$async$Deferred$errorMap_:tc
JSCompiler_StaticMethods_cancelDelayedDismiss:Jg
goog$array$insert:za
goog$async$Deferred$Error_:xc
goog$net$Jsonp$newReplyHandler_:zi
JSCompiler_StaticMethods_getNotYetLoadedTransitiveDepIds_:ad
goog$dom$createDom_:Ge
JSCompiler_StaticMethods_setPort:li
goog$events$KeyCodes$normalizeKeyCode:Qg
goog$events$Listenable$isImplementedBy:wb
goog$events$wrapListener:Fb
JSCompiler_StaticMethods_createButton_:Lh
goog$Uri$QueryData:oi
JSCompiler_StaticMethods_getDocumentScroll:Ie
goog$structs$Map$defaultEquals:De
goog$UID_PROPERTY_:la
JSCompiler_StaticMethods_getInputValueAsDate_:gi
JSCompiler_StaticMethods_updateCoords_:uh
goog$Uri$reDisallowedInQuery_:qi
goog$bindNative_:na
goog$ui$ac$InputHandler:Ug
goog$events$BrowserFeature$HAS_W3C_EVENT_SUPPORT:Ob
goog$style$installStyles:yf
soy$esc$$0$0REPLACER_FOR_ESCAPE_HTML__AND__NORMALIZE_HTML__AND__ESCAPE_HTML_NOSPACE__AND__NORMALIZE_HTML_NOSPACE_:gf
goog$i18n$DateTimeParse$PATTERN_CHARS_:Gi
goog$userAgent$OPERA:Yd
goog$string$regExpEscape:Qe
goog$uidCounter_:ma
flights$template$results$flights:fj
goog$array$find:xa
goog$events$EventTarget:N
goog$array$ARRAY_PROTOTYPE_:I
goog$events$getProxy:Jb
goog$ui$DatePickerEvent:Th
goog$userAgent$WEBKIT:M
goog$Promise$State_$PENDING:Wa
goog$json$Serializer$charsToReplace_:ge
JSCompiler_StaticMethods_adjustCorner:dj
JSCompiler_StaticMethods_dispatchErrors_:td
objSearch:qe
goog$isNumber:ia
goog$events$KeyHandler$SAVE_ALT_FOR_KEYPRESS_:Ki
goog$module$ModuleLoader$EventType$EVALUATE_CODE:Sd
goog$Promise$handleRejection_:ib
goog$module$ModuleLoader$Event:Pd
JSCompiler_StaticMethods_addCallbackEntry_:cb
goog$userAgent$isVersionOrHigherCache_:pb
goog$Uri:ji
goog$style$getIePixelDistance_:Cf
goog$uri$utils$needsPhishingProtection_:od
goog$net$XmlHttp$factory_:he
JSCompiler_StaticMethods_skipSpace_:kg
goog$ui$ac$AutoComplete$EventType$DISMISS:xg
goog$userAgent$MAC:vb
goog$dom$getOwnerDocument:Xb
JSCompiler_StaticMethods_getStatus:yd
goog$net$jsloader$Error:Jd
moduleLoader:pe
goog$array$extend:Ca
JSCompiler_StaticMethods_getNextUniqueId:Hf
goog$style$ieBorderWidthKeywords_:Ef
goog$i18n$TimeZone:ag
JSCompiler_StaticMethods_toTraceString:Mc
goog$array$concat:bf
goog$array$splice:Oe
JSCompiler_get:k
JSCompiler_StaticMethods_hasErrback_:rc
JSCompiler_StaticMethods_getIndexOfId:Bg
goog$net$BulkLoaderHelper:hd
JSCompiler_StaticMethods_updateCalendarGrid_:Rh
goog$module$ModuleManager$FailureType$INIT_ERROR:Tc
flights$template$results$filters:gj
goog$isObject:ja
JSCompiler_StaticMethods_cleanUpXhr_:Ad
manager$Loader:Vd
goog$net$jsloader$cancel_:Hd
goog$debug$Trace_$Stat_:Lc
goog$net$XhrIo$sendInstances_:xj
goog$style$getBoundingClientRect_:nf
flights$Results:Ui
JSCompiler_StaticMethods_cancelInternal_:ab
goog$net$XhrIo$isContentTypeHeader_:sd
goog$isArray:y
goog$bind:C
goog$i18n$DateTimePatterns:Nh
L 10:s
goog$events$unlistenByKey:Qb
goog$fx$anim$activeAnimations_:$e
L 14:w
goog$net$jsloader$ErrorCode$LOAD_ERROR:Ld
L 13:t
L 12:u
L 11:r
L 18:v
L 17:oa
goog$isArrayLike:ha
goog$ui$ac$Renderer:Bh
goog$net$Jsonp$cleanup_:yi
L 16:E
L 15:D
goog$string$LT_RE_:ye
L 19:uc
JSCompiler_emptyFn:aa
goog$events$LISTENER_MAP_PROP_:Ib
goog$fx$TransitionBase$State$STOPPED:fh
goog$now:Q
goog$style$evaluateWithTemporaryDisplay_:vf
goog$dom$selection$useSelectionProperties_:Fg
goog$async$nextTick$getSetImmediateEmulator_:Ma
JSCompiler_StaticMethods_callCallbacks_:jc
goog$functions$error:wa
goog$i18n$DateTimeParse$MyDate_:og
JSCompiler_StaticMethods_getKeyName_:vi
JSCompiler_StaticMethods_forEachChild:Of
sibling$$inline_820:Wi
goog$Promise:Va
goog$events$EventHandler:dc
goog$style$getVisibleRectForElement:pf
JSCompiler_StaticMethods_addCallbacks:qc
goog$events$listenerCountEstimate_:Lb
goog$getUid:ka
goog$style$getOffsetParent:of
JSCompiler_StaticMethods_execOnLoad:ed
goog$dom$removeChildren:ac
goog$positioning$positionAtAnchor:Ah
goog$dom$DIRECT_ATTRIBUTE_MAP_:$b
JSCompiler_StaticMethods_loadNextModules_:dd
goog$events$KeyHandler$safariKey_:Hi
goog$positioning$AnchoredViewportPosition:cj
goog$date$Interval$MONTHS:Rf
JSCompiler_StaticMethods_setScheme:ki
goog$events$listen:Eb
JSCompiler_StaticMethods_setModuleUris:Vc
JSCompiler_StaticMethods_setHideOnEscape:Yi
L 32:ih
L 31:kh
L 30:sj
JSCompiler_StaticMethods_serializeInternal:oj
L 36:rj
goog$date$Interval:Y
L 35:Ya
L 34:gh
L 33:hh
L 39:Bj
L 38:Aj
goog$ui$PopupDatePicker:ci
L 37:zj
JSCompiler_StaticMethods_internalGetOptions:md
goog$i18n$DateTimeParse:ig
JSCompiler_StaticMethods_getKeyHandlerForElement_:Qh
JSCompiler_StaticMethods_subParse_:lg
goog$Uri$reDisallowedInFragment_:Si
JSCompiler_StaticMethods_getTokenIndex_:Cg
goog$inherits:G
goog$structs$Map$hasKey_:Hc
goog$positioning$AnchoredPosition:$h
goog$events$KeyCodes$isCharacterKey:Pg
goog$json$serialize:yj
goog$object$extend:Ja
goog$dom$query:jj
L 21:mb
goog$dom$classes$add:Vi
L 20:jh
goog$string$ALL_RE_:we
L 25:wd
goog$events$handleBrowserEvent_:Nb
goog$userAgent$DOCUMENT_MODE:ce
goog$ui$PopupBase:Uh
L 24:mh
L 23:Mb
L 22:lh
L 29:Pe
soy$$0$0escapeHtml:W
L 28:vc
goog$string$QUOT_RE_:Ae
JSCompiler_StaticMethods_setParent:Kf
L 27:tj
goog$userAgent$product$detectedIphone_:je
goog$date$DateRange$MAXIMUM_DATE:Ni
L 26:wc
JSCompiler_StaticMethods_getProgId_:ld
goog$events$fireListener:Sb
goog$Uri$encodeSpecialChars_:pi
goog$array$contains:H
goog$a11y$aria$DefaultStateValueMap_:Mg
L 50:Qj
goog$Uri$decodeOrEmpty_:ni
L 54:Sj
L 53:Mj
goog$async$run$schedule_:Oa
L 52:Rj
goog$net$XhrIo$METHODS_WITH_FORM_DATA:ie
L 51:Nj
goog$array$remove:Aa
L 56:Pj
L 55:Oj
goog$userAgent$product$IPAD:oe
JSCompiler_stubMethod:ca
goog$labs$userAgent$util$matchUserAgent:Ea
goog$events$LISTENER_WRAPPER_PROP_:Tb
goog$dom$forms$addFormDataToMap_:hi
goog$evalWorksForGlobals_:sa
goog$array$clear:hj
goog$style$getIePixelBorder_:Df
goog$net$Jsonp$newErrorHandler_:xi
goog$Disposable$MonitoringMode$OFF:jb
goog$string$htmlEscape:ve
goog$dom$classlist$remove:ch
goog$ui$DatePicker:Mh
goog$json$Serializer$charToJsonCharCache_:qj
goog$string$toCamelCase:df
goog$bindJs_:pa
L 43:Fj
goog$i18n$DateTimeSymbols:Z
L 42:Ej
L 41:Dj
L 40:Cj
L 47:Jj
goog$dom$isNodeList:re
L 46:Ij
L 45:Hj
L 44:Gj
goog$partial:qa
L 49:Lj
goog$userAgent$VERSION:rb
L 48:Kj
goog$style$setElementShown:xf
goog$Timer:We
JSCompiler_StaticMethods_renderResults:ij
JSCompiler_StaticMethods_createInstance:kd
goog$reflect$sinkValue:tb
goog$object$PROTOTYPE_FIELDS_:Ka
soy$esc$$0$0MATCHER_FOR_ESCAPE_HTML_:ff
goog$ui$ac$AutoComplete$EventType$HILITE:ug
goog$module$BaseModule:ec
goog$dom$setTextContent:Se
goog$i18n$DateTimeSymbols_es_CO:Di
JSCompiler_StaticMethods_makeId:Nf
JSCompiler_StaticMethods_hiliteNext:yg
goog$fx$dom$FadeInAndShow:zh
goog$module$ModuleLoader:Nd
goog$userAgent$product$detectedChrome_:le
JSCompiler_StaticMethods_markAsRemoved:Ab
goog$dom$removeNode:bc
goog$dom$isCss1CompatMode_:Fe
goog$async$Deferred$CanceledError:yc
goog$style$setUnselectable:zf
JSCompiler_StaticMethods_fire_:nc
goog$events$ListenableKey$counter_:zb
goog$isString:A
goog$i18n$TimeZone$createTimeZone:bg
goog$async$Deferred$AlreadyCalledError:pc
JSCompiler_StaticMethods_getReadyState:xd
JSCompiler_StaticMethods_listenOnce_:Ee
goog$array$defaultCompare:Ne
goog$dom$selection$getStart:Dg
goog$structs$SimplePool:Ic
JSCompiler_StaticMethods_handleSeparator_:Wg
goog$structs$getValues:zc
JSCompiler_StaticMethods_cycle:sh
JSCompiler_StaticMethods_tryThen_:gb
JSCompiler_StaticMethods_handleKeyEvent:Vg
goog$a11y$aria$setRole:Kg
JSCompiler_StaticMethods_dispatchActiveIdleChangeIfNeeded_:Uc
goog$style$getComputedStyle:lf
goog$ui$ac$ArrayMatcher$getSimilarMatchesForRows:sg
goog$exportPath_:bj
goog$date$Interval$HOURS:Tf
JSCompiler_StaticMethods_onLoad:ic
goog$async$run$initializeRunner_:Pa
goog$Timer$callOnce:Vb
goog$Uri$encodeChar_:ti
goog$global:F
JSCompiler_StaticMethods_maybeCreateElement_:Dh
JSCompiler_StaticMethods_showPopup:di
goog$array$removeDuplicates:Da
JSCompiler_StaticMethods_setInputValue:fi
JSCompiler_StaticMethods_setParameterValues:ri
goog$fx$anim$unregisterAnimation:oh
goog$iter$Iterator:Bc
userAgent$$inline_111:Xd
navigator$$inline_135:Zd
goog$ui$ac$AutoComplete:tg
goog$ui$Component:X
navigator$$inline_138:ae
JSCompiler_StaticMethods_hiliteMatchingText_:Fh
goog$events$KeyEvent:Tg
goog$dom$getElementsByTagNameAndClass_:te
goog$object$isEmpty:Ze
goog$string$trim:qb
CITYS:qg
JSCompiler_StaticMethods_isNumericField_:jg
goog$net$BulkLoader:Dd
goog$Disposable:J
goog$nullFunction:ea
JSCompiler_StaticMethods_setAutoHide:Zi
JSCompiler_StaticMethods_serializeString_:pj
goog$dom$contains:cc
goog$style$getSizeWithDisplay_:wf
JSCompiler_StaticMethods_buildDate_:Xf
goog$events$KeyCodes$firesKeyPressEvent:Og
goog$Promise$CancellationError:fb
goog$ui$ac$ArrayMatcher:pg
goog$fx$dom$Fade:xh
JSCompiler_StaticMethods_isSuccess:zd
JSCompiler_StaticMethods_redraw:Eh
JSCompiler_StaticMethods_stopWaitingForIme_:Yg
goog$events$fireListeners_:Rb
JSCompiler_StaticMethods_cleanupKeysArray_:Gc
goog$events$Event:sb
JSCompiler_StaticMethods_getTokenRegExp_:Gh
goog$object$getValues:Ha
goog$style$unselectableStyle_:Af
goog$ui$ac$createSimpleAutoComplete:Ih
goog$iter$forEach:Ec
goog$math$Coordinate$difference:Ve
JSCompiler_StaticMethods_hilitePrev:zg
goog$array$map:bd
goog$fx$anim$requestAnimationFrame_:qh
flights$Search:Ai
goog$soy$data$SanitizedContentKind$HTML:ef
moduleManager:Rc
JSCompiler_StaticMethods_addUserInitiatedLoadingModule_:Yc
goog$Disposable$instances_:kb
JSCompiler_StaticMethods_processFocus:Xg
JSCompiler_StaticMethods_formatField_:fg
goog$Promise$State_$FULFILLED:Za
JSCompiler_StaticMethods_onReadyStateChangeHelper_:ud
goog$iter$StopIteration:Dc
goog$dom$htmlToDocumentFragment_:aj
goog$Uri$reDisallowedInRelativePath_:Ri
goog$iter$toIterator:Cc
goog$globalEval:ra
JSCompiler_StaticMethods_setPosition:bi
goog$positioning$AbstractPosition:Zh
goog$math$Rect:kf
JSCompiler_StaticMethods_setVisible:Wh
JSCompiler_StaticMethods_cleanUpTimeoutTimer_:Bd
goog$events$BrowserFeature$SET_KEY_CODE_TO_PREVENT_DEFAULT:de
goog$async$run$WorkItem_:Sa
goog$fx$dom$FadeOutAndHide:yh
JSCompiler_StaticMethods_setLoaded:cd
goog$events$Listenable$IMPLEMENTED_BY_PROP:xb
goog$dom$classlist$add:ah
