showOtherMonths_:Di
keyHandlers_:lb
year:wa
dispatchAnimationEvent:na
elTable_:$
getHandler:N
ddlMultiAdults:Kj
score:hg
reposition:ta
childIndex_:O
eh_:K
selectionHandler_:$b
children_:L
callbackEntries_:da
onMouseDown_:Wf
elFootRow_:uc
moduleConstructor_:$h
disposed_:eb
allowFreeSelect_:Oe
proxy:Tc
Promise:Ie
handleFocus:rf
onEnd:qb
SHORTMONTHS:nd
grid_:Ka
DATEFORMATS:Wa
loadModules_:Lc
keyPressKey_:Hc
STANDALONEWEEKDAYS:Le
visible_:Bb
showScrollbarsIfTooLarge_:ng
dateTimeFormatter_:Id
parent_:k
txtDateMultiO4:Bk
ddlMultiAge6:Qj
callOnce:nc
ddlMultiAge4:Oj
superClass_:b
ddlMultiAge5:Pj
successFn:Ae
ddlMultiAge2:Mj
vuelos_ida_vuelta_t:Ok
ddlCarHoraRecoge:rc
ddlMultiAge3:Nj
onButtonReturnClick_:ci
upsideDown_:Bg
separatorCheck_:yi
hidePopupElement:wf
loadRequested:Lf
popup_:ja
vuelos_multi_destinos:Rk
errorDispatched_:Ld
rowNode:vk
cb:Ve
onCancelFunction_:Pf
elNone_:hf
literals_:Kf
lbCar:ge
userSelectableDateRange_:Fe
WEEKENDRANGE:td
onDocumentKeyDown_:fi
cleanupWhenDone:Gj
FIRSTDAYOFWEEK:gc
DAY_ABBR:Xi
loops:Mf
creationStack:Ij
immediatelyCancelDelayedDismiss_:Af
updateDuringTyping_:Qi
lastKeyCode_:Hf
requestedLoadingModuleIds_:ua
DocumentTypeId:cj
showWeekdays_:pg
ddlMultiAge1:Lj
ddlMultiInfants:Sj
Year:uj
getElement:g
onDetailsLoaded:ei
days:Z
txtDateMultiO1:yk
txtDateMultiO2:zk
txtDateMultiO3:Ak
ac_:q
register:Xb
ieProgId_:yf
throwError:Ji
resolve:wi
WEEKDAY_MONTH_DAY_MEDIUM:qj
handleKeyDown_:Eh
STANDALONESHORTMONTHS:qd
listener:Ma
getBaseCssClass:c
defaultThreshold_:Zj
onAnimate:ne
customRenderer_:Hb
currentlyLoadingModule_:$e
handleYearMenuClick_:Kh
fn_:Ac
timeZoneId_:vg
airlines:Aj
liautos:ik
vuelos_multi_destino3:Pk
onReserveClick:ki
vuelos_multi_destino4:Qk
eventPool_:vh
target_:J
keyCode_:Ea
shouldHideAsync_:Bi
timeoutInterval_:$c
txtMultiD1:Ck
txtMultiD2:Dk
nextId_:me
fps_:of
el:fb
txtMultiD3:Ek
txtMultiD4:Fk
popupCorner_:qi
month:nb
handleError_:Ud
departureTimes:ak
propagationStopped_:Qa
txtCarCiudEntrega:wb
btnReserve:Fj
disposeInternal:e
child:$a
nextMonth:Of
handleBlur:Ah
topAlign_:ad
fn:xh
pseudos:Ra
MONTH_DAY_ABBR:jj
unblockAndFulfill_:zg
handleMenuClick_:sf
MODULE_RESULTS_CSS:Jg
menu_:Na
MONTH_DAY_YEAR_MEDIUM:nj
handleMouseDown_:uf
active_:xa
currentPageScrollY:kh
rblMultiStop:sk
createObjectFn_:Ze
matcher_:Tb
FIRSTWEEKCUTOFFDAY:hc
agregarOcultar1:wj
agregarOcultar2:xj
hoteles:fk
dismissTimer_:Ha
fps:ck
decoratorFunction_:bf
lastValue_:ee
passengerInfo:sa
handleGridKeyPress_:Dh
agregarOcultar3:yj
agregarOcultar4:zj
createObject:qc
frmAir:dk
keyDownKey_:$d
tick_:Ki
userLastActive_:Cg
clone:w
ddlCarHoraEntrega:lh
executeCallbacks_:zc
tracerOverheadEnd_:Oi
tracerCount_:Mi
exitDocument:M
lihoteles:jk
listenOnce:Jf
hiliteId_:Da
YEAR_MONTH_FULL:Og
otag:mi
QUARTERS:md
userInitiatedLoadingModuleIds_:Ab
trimmer_:xg
modal_vuelos:mk
years:ca
createDom:r
corner:jh
attachInputs:Cd
cachedOptions_:mc
sequence_:Xc
parentEventTarget_:Sc
xhr_:l
addEvents:Qg
baseModuleInfo_:lc
altKey_:Ad
dismiss:ma
autos:Vg
lastUri_:de
disposeObjectFn_:ff
eventType:Nd
attrs:kc
keyHandler_:Rb
nextYear:ai
waitingForIme_:Ga
fired_:Aa
commentStrip:gh
MONTH_DAY_MEDIUM:lj
activeTimeoutId_:xd
deferred:oh
earlyOnloadCallbacks_:gf
removeChildren:dg
estimatedTimes:bk
actualEventTarget_:Pg
firstRowId_:P
dateTimeParser_:af
allowNone_:zd
matchListener_:Vh
onBuyClick_:Pc
onBegin:Pa
getModuleContext:pf
dayOfWeek:Jd
era:lf
inSend_:Gc
eventHandler_:Ja
renderOne:ui
eventTime:mf
YEAR_MONTH_ABBR:tj
loadModules:Th
idGenerator_:Rh
longDateFormat_:Uh
onReadyStateChange_:Xf
TIMEFORMATS:Db
listeners:S
unblockAndReject_:Ag
menuSelected_:mb
lastKey_:aa
lastMethod_:Sh
DocumentNumber:$i
stats_:tg
canDecorate:Ue
listener_:he
responseTexts_:Wc
removed:tb
matchFor:je
equals:xc
Genre:fj
callback_:$g
branches_:Gd
error_:yc
xhrOptions_:gd
txtCarCiudRecoge:xb
highlightedClassName:Mh
toIsoString:ec
vuelos_ida_vuelta:Nk
STANDALONESHORTWEEKDAYS:rd
boundTick_:Fd
position_:se
lbMultidestino:hk
simpleNavigation_:qg
months:ba
enableCrossIframeDismissal_:sh
onIeKeyPress_:Sf
setParentEventTarget:Yc
lastActive_:Ef
highlightAllTokens_:Ec
dispose:j
freeQueue_:Pd
maxCount_:Xh
ERAS:kd
getResponseTexts:Sd
renderRow:tk
maxMatches_:Yh
token_:ha
interval_:jb
showTransition_:bc
amountCurrencys:Bj
showWeekNum_:xe
debugMode_:sc
row:Sa
continueHidingPopup_:Xe
attr:Dd
render:Yb
arrivalTimes:Ej
getDatePicker:Qd
lastTarget_:Kc
baseCssClass_:Wg
onDocumentMouseDown_:Rf
ddlMultiMonths3:Vj
ddlMultiMonths2:Uj
ddlMultiMonths1:Tj
getKeys:hb
hilitedRow_:Fc
objSearch:Oc
getTag:Td
ddlMultiMonths6:Yj
ddlMultiMonths5:Xj
useRightPositioningForRtl_:Lk
ddlMultiMonths4:Wj
applyStandardPattern_:ic
AMPMS:hd
hideTransition_:Ob
menuCallback_:ke
i18nDateFormatterDay2_:Nh
wdayStyles_:fd
rowDivs_:Ta
callback:Fb
MODULE_REGISTER_CSS:Ig
handler:Dc
showYearMenu_:Ei
event_:gb
i18nDateFormatterMonthYear_:Ph
hadUnhandledRejection_:Cc
MONTHS:ld
handleEvent_:Bh
platformModifierKey:pi
Month:oj
removeAll:sb
lastError_:Jc
handleKeyup_:Gh
txtCarFechaRecoge:Va
model_:Zh
dp_txt2CFechaEntrega:qh
uris_:zb
sourceUrlInjection_:rg
script_:ig
wasHighlightedAtLeastOnce_:Fg
onShow_:Yf
rowClassName:ve
then:ub
str:Ii
cellIdGenerator_:ah
SHORTWEEKDAYS:pd
handleSuccess_:Vd
ddlClassMulti:Jj
overflow_:ni
loadingModuleIds_:Fa
stops:xk
anim:Cj
btnreturnresults:Hd
getListener:Mb
standardOffset_:ze
activeElement_:i
xmlHttpFactory_:Cb
enterDocument:G
STANDALONEMONTHS:Xa
handler_:B
STANDALONENARROWMONTHS:Je
moduleInfoMap_:T
STANDALONENARROWWEEKDAYS:Ke
NARROWMONTHS:He
lastErrorCode_:Sb
chkAgree:bh
isVisible_:kb
lastHideTime_:Ff
timer_:D
onKeyUp_:Uf
tzNames_:Ce
txtMultiO1:Gk
renderer_:W
module_:Oa
attach:jc
DayId:Zi
elToday_:jf
txtMultiO4:Jk
txtMultiO2:Hk
rightToLeft_:uk
handleMenuKeyPress_:tf
txtMultiO3:Ik
Window:Mg
oquery:rk
wasDecorated_:Eg
FirstName:dj
YEAR_FULL:Ng
objresultados:pb
responseTexts:ue
startTime_:Gi
silentlyCanceled_:ye
unhandledErrorId_:cd
count_:za
tableFoot_:ug
transitions_:bd
margin_:lk
initialModulesLoaded_:Pb
helper_:ib
onReturnClick_:li
whitespaceWrapEntries_:Ui
progress:ga
inAbort_:La
oper:Rc
endTime:kf
startRenderingRows_:sg
commentCount_:fh
unlisten:V
imgCortinilla:zf
onFulfilled:pe
applyPattern_:Eb
dialogo:tc
googUiComponentHandler_:Ca
popupParentElement_:ag
hidePopup:Wd
dateTimeSymbols_:o
doAction_:ph
result_:va
autoHidePartners_:Qe
showToday_:og
generateNewTokenOnLiteral_:yh
useSimilar_:Ri
last_:fe
lastInitialModuleId_:Gf
img_cortinilla:gk
document_:m
wdayNames_:Ti
details:Kd
hiliteId:pa
timeoutId_:Zc
departureAirports:$j
modal_vuelos_2:pk
modal_vuelos_1:ok
handleGridClick_:Ch
modal_vuelos_0:nk
id_:C
tracerOverheadComment_:Ni
query:rb
typeCount_:fc
isVisible:ia
MONTH_DAY_FULL:kj
livuelos:kk
ERANAMES:Ge
map_:ra
elNavRow_:wc
ids:fa
LastName:hj
loader_:ie
onRegisterLoaded_:ji
previousYear:ti
txtCiudadDestino:yg
blocking_:Xg
WEEKDAY_MONTH_DAY_YEAR_MEDIUM:rj
contenido:Gb
datePicker_:ea
lastShowTime_:ce
idPool_:xf
keyUpKey_:Ic
YEAR_FULL_WITH_ERA:sj
classes:la
MODULE_DETAILS_CSS:Hg
disposeObject:ef
getId:Kb
hideOnEscape_:Lh
onKeyDownOnInactiveElement_:gi
dp_txtCarFechaRecoge:rh
txt2CFechaEntrega:Ua
previousMonth:bg
timerObject_:vb
preventDefaultOnTab_:ri
eventTargetListeners_:oa
activeClassName:Ne
clusters:dh
onErrorCallbacks_:oe
hours:u
onloadCallbacks_:re
extraWeekAtEnd_:wh
SHORTQUARTERS:od
tzOffset:De
multi_:ob
i18nDateFormatterWeek_:Qh
lastFrame:be
widthProvider_:Vi
btnreturnsearch:Te
DocumentType:bj
activeMonth_:F
decorateInternal:bb
OnModuleResultsLoaded:Lg
useXhr2Timeout_:Ee
consecutiveFailures_:pc
onReadyStateChangeEntryPoint_:ii
callbackMap_:oc
showFixedNumWeeks_:lg
getPreserveHilited:ek
keys_:s
txtVDateMultiD1:Kk
arrivalAirPorts:Dj
firstWeekCutOffDay_:Jb
comment:eh
getInstance:Lb
onKeyPress_:Tf
type_:yb
DocumentNumberId:aj
base:Y
container:We
milliseconds:le
endDate_:th
ampm:Pe
ambiguousYear:Rg
seconds:I
reposition_:vi
separatorSelects_:zi
loadingModulesStatus_:qa
objResults:Vb
varAlloc:Dg
selectNone:jg
state_:t
timeout_:dc
anchorElement_:Sg
handleLoadError_:Hh
startPoint:cc
errorFn:Md
version_:ed
onDocumentBlur_:Qf
deps_:df
handleMonthMenuClick_:Jh
useStandardHighlighting_:Si
moduleContext_:Nf
concurrentLoadingEnabled_:hh
defaultScope_:cf
passenger:oi
requestUris:eg
returnValue_:gg
updateStyle:dd
DATETIMEFORMATS:jd
onBuscarClick_:bi
tracerOverheadStart_:Pi
infixOper:Bf
matchWordBoundary_:Wh
onDisposeCallbacks_:Qc
ZERODIGIT:ud
defaultSeparator_:nh
getElementByClass:Rd
activateHandler_:wd
accel_:Me
autoHide_:Tg
cmbHabitaciones:Hj
onDetailsClick:di
totalVarAlloc:Li
btnBuy:Yg
i18nDateFormatterDay_:Oh
statPool_:Hi
arrResults:Bd
element_:a
contentKind:ih
separators_:ac
triggerSuggestionsOnUpdate_:wg
rightAlign_:xi
continue_:Ye
elYear_:Ib
popupDatePicker_:v
endPoint:uh
dom_:h
MonthId:pj
handleClick_:qf
symbols_:ka
tableBody_:Be
Day:Yi
processBlur:cg
date:d
requestedModuleIdsQueue_:U
inOpen_:Yd
nozip:Nc
executing_:Od
LastNameId:ij
objRender:Ub
FirstNameId:ej
hadError_:Nb
isActive:Qb
listen:f
autoHilite_:Ug
blocked_:Ed
events_:nf
onPopup_:hi
wrap_:Gg
preventSelectionOnTab_:si
isRowDisabled:Zd
startDate_:Fi
destroyMenu_:cb
onTick_:Zf
inputToAnchorMap_:Cf
tag:X
day:ab
selectToday:kg
ddlTipoAuto:mh
registerCallback_:Vc
renderRows:te
minutes:H
labelInput_:ae
onRejected:qe
onDateChanged_:Wb
GenreId:gj
getDomHelper:Q
rowJustSelected_:we
cortinilla:ya
getAutoHilite:zh
handleLoadTimeout_:Ih
handleMouseOver_:vf
requestedModuleIds_:Zb
menuFadeDuration_:Mc
ddlMultiChildren:Rj
btn_buscar_:Zg
onKey_:Vf
YearId:vj
outstandingEvents_:$f
autoHideRegion_:Re
legacyActiveClassName_:If
__iterator__:vd
elMonth_:Ia
moduleIds:qk
instance_:Df
MONTH_DAY_SHORT:mj
abutStart:Ya
showPopup_:mg
WEEKDAYS:sd
NARROWWEEKDAYS:Kg
stopTime:wk
rows_:n
date_:A
elMonthYear_:vc
patternParts_:p
i18nDateFormatterYear_:Xd
animation_:Za
getValues:Bc
vuelos_solo_ida:Sk
batchModeEnabled_:Se
allowAutoFocus_:yd
showMonthMenu_:Ci
inDocument_:R
withCredentials_:Wi
firstDayOfWeek_:Ba
handleKeyUp:Fh
vuelos:Mk
separatorUpdates_:Ai
responseType_:fg
registerCallback:Uc
