goog$module$ModuleManager:Pg
JSCompiler_StaticMethods_resolve_:fe
JSCompiler_StaticMethods_requeueBatchOrDispatchFailure_:ch
JSCompiler_StaticMethods_isCss1CompatMode:xb
goog$net$jsloader$loadMany:kg
goog$userAgent$getDocumentMode_:$a
goog$functions$TRUE:mi
goog$fx$TransitionBase:Re
goog$net$XhrIo:jh
goog$async$run$processWorkQueue:be
goog$net$XmlHttpFactory:eh
goog$fx$dom$PredefinedEffect:bf
goog$disposeAll:Hb
JSCompiler_StaticMethods_isModuleLoading:Sg
goog$net$jsloader$load:mg
goog$date$Interval$DAYS:$c
goog$fx$AnimationEvent:af
goog$math$Coordinate:K
goog$net$jsloader$ErrorCode$TIMEOUT:qg
goog$i18n$DateTimeFormat:ld
goog$style$getStyle_:sc
JSCompiler_StaticMethods_matchString_:ud
navigator$$inline_109:Gh
goog$async$run$workQueueScheduled_:Zd
goog$dom$getElement:N
goog$array$slice:Ma
JSCompiler_prototypeAlias:r
goog$style$isRightToLeft:yc
goog$structs$forEach:Xf
goog$ui$ac$AutoComplete$EventType$SELECT:Cd
navigator$$inline_112:Hh
goog$userAgent$IE:R
goog$string$isEmptyOrWhitespace:ra
goog$ui$ac$ArrayMatcher$getPrefixMatchesForRows:yd
goog$module$ModuleLoadCallback:ug
goog$Promise$State_$REJECTED:he
doc$$inline_128:Ih
goog$dom$append_:pb
goog$events$onStringMap_:$b
goog$async$nextTick$setImmediate_:ce
goog$userAgent$product$detectedIpad_:Sh
soy$esc$$0$0ESCAPE_MAP_FOR_ESCAPE_HTML__AND__NORMALIZE_HTML__AND__ESCAPE_HTML_NOSPACE__AND__NORMALIZE_HTML_NOSPACE_:Db
JSCompiler_StaticMethods_dismissOnDelay:Pd
goog$dispose:Gb
JSCompiler_StaticMethods_removeByKey:Sb
goog$date$DateTime:hd
goog$uri$utils$splitRe_:$f
goog$module$ModuleLoader$EventType$REQUEST_ERROR:Bh
JSCompiler_StaticMethods_parseInt_:td
goog$async$throwException:Ud
goog$events$getListenerMap_:Xb
JSCompiler_StaticMethods_getTimezoneOffsetString:gd
goog$fx$anim$cycleAnimations_:Xe
goog$isDef:t
JSCompiler_StaticMethods_removeUnhandledRejection_:je
goog$ui$InputDatePicker:Qf
goog$async$Delay:Te
JSCompiler_StaticMethods_isOrWithinAutoHidePartner_:Kf
goog$net$jsloader$scriptsToLoad_:lg
goog$debug$Trace_:Jg
goog$net$XhrIo$ResponseType$DEFAULT:kh
goog$events$listenOnce:gc
goog$structs$Map:Tf
cars$Register:si
goog$date$Interval$MINUTES:bd
goog$ui$Popup:Of
goog$events$EventHandler$typeArray_:Kh
goog$events$listen_:Wb
JSCompiler_StaticMethods_setAllModuleInfo$self$$inline_729:ei
goog$events$KeyCodes$normalizeGeckoKeyCode:Be
JSCompiler_StaticMethods_setId:Qc
goog$a11y$aria$setActiveDescendant:xe
goog$net$jsloader$getScriptParentElement_:sg
goog$dom$classlist$contains:Le
goog$array$some:Lf
goog$ui$IdGenerator:Mc
goog$fx$Animation:Ze
goog$Thenable$addImplementation:Rd
JSCompiler_StaticMethods_check_:dg
goog$dom$setProperties:kb
goog$style$getPixelStyleValue_:Ac
JSCompiler_returnArg:ba
goog$net$DefaultXmlHttpFactory:fh
goog$events$unlisten:hc
goog$addSingletonGetter:da
goog$dom$classlist$get:Ke
goog$labs$userAgent$util$userAgent_:Qa
JSCompiler_StaticMethods_decorate:Tc
goog$style$getBorderBox:Lc
goog$dom$classlist$addAll:Ne
goog$dom$selection$canonicalizePositionIe_:Od
JSCompiler_StaticMethods_addPreventDefaultClickHandler_:Bf
goog$userAgent$GECKO:V
goog$dom$DomHelper:gb
goog$dom$defaultDomHelper_:ib
goog$string$NULL_RE_:za
goog$ui$Component$defaultRightToLeft_:Pc
goog$date$DateRange:wf
goog$events$KeyHandler$USES_KEYDOWN_:Ph
goog$object$forEach:Ra
goog$events$KeyHandler:Ce
goog$module$ModuleInfo:vg
goog$userAgent$product$CHROME:zh
goog$object$getKeys:Ta
goog$events$BrowserEvent:Kb
goog$string$toTitleCase:Ca
JSCompiler_StaticMethods_addChildPromise_:me
JSCompiler_StaticMethods_getDaylightAdjustment:kd
JSCompiler_StaticMethods_splitInput_:Ld
goog$dom$classlist$removeAll:Qe
goog:nh
goog$async$run:Wd
JSCompiler_StaticMethods_getRowFromEventTarget_:qf
JSCompiler_StaticMethods_getDocument:wb
goog$dom$getDomHelper:L
goog$ui$DefaultDatePickerRenderer:xf
JSCompiler_StaticMethods_registerErrback:wg
goog$string$GT_RE_:wa
goog$style$getIePixelValue_:Hc
goog$date$Interval$YEARS:Xc
goog$style$MATRIX_TRANSLATION_REGEX_:gf
goog$a11y$aria$setState:ve
goog$ui$ac$InputHandler$REQUIRES_ASYNC_BLUR_:Xh
goog$ui$ac$AutoComplete$EventType$CANCEL_DISMISS:Dd
goog$date$DateRange$MINIMUM_DATE:Yh
JSCompiler_StaticMethods_processModulesForLoad_:Vg
goog$dom$BrowserFeature$CAN_ADD_NAME_OR_TYPE_ATTRIBUTES:ob
JSCompiler_StaticMethods_maybeFixDst_:fd
JSCompiler_StaticMethods_render_:Sc
goog$date$Date:dd
JSCompiler_StaticMethods_registerModuleLoadCallbacks_:Rg
goog$net$XhrIo$HTTP_SCHEME_PATTERN:th
goog$async$Deferred:ag
goog$module$ModuleLoader$LoadStatus:Ch
JSCompiler_StaticMethods_hiliteRow:kf
goog$dom$getElementByClass:O
goog$events$ListenerMap:Rb
goog$array$forEach:P
goog$userAgent$product$IPHONE:Vh
goog$string$SINGLE_QUOTE_RE_:ya
goog$i18n$DateTimeFormat$validateDateHasTime_:od
goog$dom$createDom:mb
goog$typeOf:ea
goog$date$Interval$SECONDS:cd
goog$object$add:Wa
goog$object$createSet:Za
goog$i18n$DateTimePatterns_en:$h
goog$userAgent$X11:hf
goog$array$indexOf:Ga
goog$i18n$DateTimeFormat$TOKENS_:Lh
goog$userAgent$isVersionOrHigher:J
goog$dom$selection$getRangeIe_:Nd
goog$Thenable$isImplementedBy:Sd
goog$events$Listener:Ob
JSCompiler_StaticMethods_dispatchModuleLoadFailed_:Zg
goog$string$AMP_RE_:ua
L 1:b
JSCompiler_StaticMethods_fireChangeActiveMonthEvent_:Ff
goog$events$KeyHandler$keyIdentifier_:Oh
L 0:a
goog$debug$Error:qa
L 3:f
L 2:e
L 5:h
L 4:g
JSCompiler_StaticMethods_fireListeners:oc
L 7:m
L 6:l
L 9:p
L 8:n
goog$date$getNumberOfDaysInMonth:Vc
goog$async$run$workQueue_:$d
goog$array$toArray:Ja
goog$isFunction:B
goog$dom$getElementsByClass:pi
goog$string$padNumber:H
goog$net$jsloader$cleanup_:og
JSCompiler_StaticMethods_loadModulesOrEnqueue_:Ug
JSCompiler_StaticMethods_updateResult_:bg
JSCompiler_StaticMethods_onError:Hg
JSCompiler_StaticMethods_evaluateCode_:wh
goog$array$filter:Pe
goog$fx$anim$animationDelay_:Ve
JSCompiler_StaticMethods_scheduleCallbacks_:le
goog$Promise$addUnhandledRejection_:qe
goog$debug$Trace_$longToPaddedString_:Ng
JSCompiler_StaticMethods_localizeNumbers_:$
goog$module$ModuleLoader$EventType$REQUEST_SUCCESS:yh
goog$debug$Trace_$Event_:Kg
JSCompiler_StaticMethods_createMenu_:Cf
goog$math$Size:fb
goog$debug$Trace_$formatTime_:Og
goog$events$ListenerMap$findListenerIndex_:Tb
JSCompiler_StaticMethods_hide_:Jf
JSCompiler_StaticMethods_selectHilited:Hd
goog$math$Box:pc
goog$style$getPageOffset:xc
JSCompiler_StaticMethods_format:md
goog$async$Deferred$errorMap_:hg
JSCompiler_StaticMethods_cancelDelayedDismiss:Qd
goog$array$insert:Ha
goog$async$Deferred$Error_:ig
goog$dom$createDom_:nb
JSCompiler_StaticMethods_getNotYetLoadedTransitiveDepIds_:Wg
goog$events$KeyCodes$normalizeKeyCode:Ae
goog$events$Listenable$isImplementedBy:Mb
goog$events$wrapListener:Vb
JSCompiler_StaticMethods_createButton_:yf
JSCompiler_StaticMethods_getDocumentScroll:zb
goog$structs$Map$defaultEquals:Uf
goog$UID_PROPERTY_:ja
JSCompiler_StaticMethods_getInputValueAsDate_:Sf
JSCompiler_StaticMethods_updateCoords_:$e
goog$bindNative_:la
goog$ui$ac$InputHandler:Ee
goog$events$BrowserFeature$HAS_W3C_EVENT_SUPPORT:fc
goog$style$installStyles:Ec
soy$esc$$0$0REPLACER_FOR_ESCAPE_HTML__AND__NORMALIZE_HTML__AND__ESCAPE_HTML_NOSPACE__AND__NORMALIZE_HTML_NOSPACE_:Cb
goog$i18n$DateTimeParse$PATTERN_CHARS_:Mh
goog$userAgent$OPERA:zc
goog$string$regExpEscape:Aa
goog$uidCounter_:ka
goog$array$find:Da
goog$events$EventTarget:W
goog$array$ARRAY_PROTOTYPE_:I
goog$events$getProxy:Zb
goog$ui$DatePickerEvent:Gf
goog$userAgent$WEBKIT:Q
id$$inline_735:ji
goog$Promise$State_$PENDING:ee
id$$inline_731:gi
JSCompiler_StaticMethods_dispatchErrors_:lh
goog$isNumber:ga
goog$events$KeyHandler$SAVE_ALT_FOR_KEYPRESS_:Qh
goog$module$ModuleLoader$EventType$EVALUATE_CODE:Ah
goog$Promise$handleRejection_:re
goog$module$ModuleLoader$Event:xh
JSCompiler_StaticMethods_addCallbackEntry_:ke
goog$userAgent$isVersionOrHigherCache_:ab
goog$style$getIePixelDistance_:Ic
goog$uri$utils$needsPhishingProtection_:Zf
goog$net$XmlHttp$factory_:bi
JSCompiler_StaticMethods_skipSpace_:rd
goog$ui$ac$AutoComplete$EventType$DISMISS:Ed
goog$dom$getOwnerDocument:M
goog$userAgent$MAC:Lb
JSCompiler_StaticMethods_getStatus:ph
goog$net$jsloader$Error:pg
moduleLoader:di
goog$array$extend:Ka
JSCompiler_StaticMethods_getNextUniqueId:Nc
moduleUriMap$$inline_734:ii
goog$style$ieBorderWidthKeywords_:Kc
goog$i18n$TimeZone:id
JSCompiler_StaticMethods_toTraceString:Mg
cars$Details:ri
goog$array$splice:La
JSCompiler_get:k
JSCompiler_StaticMethods_hasErrback_:gg
JSCompiler_StaticMethods_getIndexOfId:Id
JSCompiler_StaticMethods_updateCalendarGrid_:Ef
goog$net$BulkLoaderHelper:dh
goog$module$ModuleManager$FailureType$INIT_ERROR:$g
goog$isObject:ha
JSCompiler_StaticMethods_cleanUpXhr_:rh
goog$net$jsloader$cancel_:ng
goog$debug$Trace_$Stat_:Lg
goog$style$getBoundingClientRect_:tc
goog$net$XhrIo$isContentTypeHeader_:Ea
JSCompiler_StaticMethods_cancelInternal_:ie
goog$isArray:w
cars$Search:Dh
goog$bind:D
goog$i18n$DateTimePatterns:Af
goog$Timer$TICK:Ie
L 10:q
ua$$inline_422:Uh
goog$fx$anim$activeAnimations_:Va
goog$events$unlistenByKey:ic
L 14:hb
goog$net$jsloader$ErrorCode$LOAD_ERROR:rg
L 13:A
L 12:s
L 11:u
L 18:v
L 17:y
goog$isArrayLike:fa
goog$ui$ac$Renderer:jf
L 16:S
L 15:G
goog$string$LT_RE_:va
L 19:ac
JSCompiler_emptyFn:aa
goog$events$LISTENER_MAP_PROP_:Yb
goog$fx$TransitionBase$State$STOPPED:Se
goog$now:Y
goog$style$evaluateWithTemporaryDisplay_:Bc
goog$dom$selection$useSelectionProperties_:Md
goog$async$nextTick$getSetImmediateEmulator_:Vd
JSCompiler_StaticMethods_callCallbacks_:Gg
goog$i18n$DateTimeParse$MyDate_:vd
goog$functions$error:Td
JSCompiler_StaticMethods_forEachChild:Uc
goog$Promise:de
goog$events$EventHandler:mc
goog$style$getVisibleRectForElement:wc
JSCompiler_StaticMethods_addCallbacks:fg
goog$events$listenerCountEstimate_:dc
goog$getUid:ia
goog$style$getOffsetParent:uc
JSCompiler_StaticMethods_execOnLoad:bh
goog$dom$removeChildren:sb
goog$positioning$positionAtAnchor:ff
goog$dom$DIRECT_ATTRIBUTE_MAP_:lb
JSCompiler_StaticMethods_loadNextModules_:ah
goog$events$KeyHandler$safariKey_:Nh
goog$date$Interval$MONTHS:Yc
sibling$$inline_774:li
goog$events$listen:Ub
L 32:Bg
L 31:Dg
L 30:ui
L 36:ti
goog$date$Interval:Wc
L 35:Na
L 34:zg
L 33:Ag
L 39:xi
L 38:wi
goog$ui$PopupDatePicker:Pf
L 37:yg
goog$i18n$DateTimeParse:pd
JSCompiler_StaticMethods_getKeyHandlerForElement_:Df
JSCompiler_StaticMethods_internalGetOptions:ih
JSCompiler_StaticMethods_subParse_:sd
JSCompiler_StaticMethods_getTokenIndex_:Jd
goog$inherits:F
goog$positioning$AnchoredPosition:Nf
goog$events$KeyCodes$isCharacterKey:ze
goog$object$extend:Xa
goog$dom$query:qi
L 21:bb
L 20:Cg
goog$string$ALL_RE_:ta
L 25:Zc
goog$events$handleBrowserEvent_:ec
goog$userAgent$DOCUMENT_MODE:vc
goog$ui$PopupBase:Hf
L 24:Fg
L 23:yb
L 22:Eg
L 29:oe
soy$$0$0escapeHtml:T
L 28:bc
goog$string$QUOT_RE_:xa
JSCompiler_StaticMethods_setParent:Rc
L 27:vi
goog$userAgent$product$detectedIphone_:Rh
goog$date$DateRange$MAXIMUM_DATE:Zh
L 26:cc
JSCompiler_StaticMethods_getProgId_:hh
goog$events$fireListener:kc
goog$array$contains:Fa
goog$a11y$aria$DefaultStateValueMap_:we
goog$uri$utils$getComponentByIndex_:Yf
L 50:Li
L 54:Ni
L 53:C
goog$async$run$schedule_:Xd
L 52:Mi
goog$net$XhrIo$METHODS_WITH_FORM_DATA:ci
L 51:Ii
goog$array$remove:Ia
L 56:Ki
L 55:Ji
goog$userAgent$product$IPAD:Wh
goog$labs$userAgent$util$matchUserAgent:Pa
goog$events$LISTENER_WRAPPER_PROP_:lc
JSCompiler_StaticMethods_setModuleUris$self$$inline_733:hi
goog$evalWorksForGlobals_:pa
goog$style$getIePixelBorder_:Jc
goog$style$uninstallStyles:oi
goog$string$htmlEscape:sa
goog$Disposable$MonitoringMode$OFF:Eb
goog$dom$classlist$remove:Oe
goog$ui$DatePicker:zf
goog$string$toCamelCase:Ba
goog$bindJs_:ma
L 43:Bi
goog$i18n$DateTimeSymbols:Z
L 42:Ai
L 41:zi
L 40:yi
L 47:Fi
goog$dom$isNodeList:qb
L 46:Ei
L 45:Di
L 44:Ci
goog$partial:na
L 49:Hi
goog$userAgent$VERSION:db
L 48:Gi
goog$style$setElementShown:Dc
goog$Timer:se
JSCompiler_StaticMethods_createInstance:gh
goog$reflect$sinkValue:Jb
goog$object$PROTOTYPE_FIELDS_:Ya
soy$esc$$0$0MATCHER_FOR_ESCAPE_HTML_:Bb
goog$ui$ac$AutoComplete$EventType$HILITE:Bd
goog$dom$setTextContent:vb
goog$module$BaseModule:tg
goog$i18n$DateTimeSymbols_es_CO:ai
JSCompiler_StaticMethods_hiliteNext:Fd
goog$fx$dom$FadeInAndShow:ef
goog$module$ModuleLoader:vh
goog$userAgent$product$detectedChrome_:Th
JSCompiler_StaticMethods_markAsRemoved:Qb
goog$dom$removeNode:tb
goog$dom$isCss1CompatMode_:rb
goog$async$Deferred$CanceledError:jg
infoMap$$inline_730:fi
goog$style$setUnselectable:Fc
JSCompiler_StaticMethods_fire_:cg
goog$events$ListenableKey$counter_:Pb
goog$isString:x
goog$i18n$TimeZone$createTimeZone:jd
goog$async$Deferred$AlreadyCalledError:eg
JSCompiler_StaticMethods_listenOnce_:nc
JSCompiler_StaticMethods_getReadyState:oh
goog$dom$selection$getStart:Kd
goog$structs$SimplePool:Ig
JSCompiler_StaticMethods_handleSeparator_:Ge
goog$structs$getValues:Wf
JSCompiler_StaticMethods_cycle:Ye
cars$Results:ki
JSCompiler_StaticMethods_tryThen_:pe
JSCompiler_StaticMethods_handleKeyEvent:Fe
goog$a11y$aria$setRole:ue
navigator$$inline_99:Eh
JSCompiler_StaticMethods_dispatchActiveIdleChangeIfNeeded_:Qg
goog$style$getComputedStyle:rc
goog$ui$ac$ArrayMatcher$getSimilarMatchesForRows:zd
goog$exportPath_:ni
goog$date$Interval$HOURS:ad
JSCompiler_StaticMethods_onLoad:xg
goog$async$run$initializeRunner_:Yd
goog$Timer$callOnce:te
goog$global:E
JSCompiler_StaticMethods_maybeCreateElement_:lf
goog$array$removeDuplicates:Oa
JSCompiler_StaticMethods_setInputValue:Rf
goog$fx$anim$unregisterAnimation:Ue
goog$ui$ac$AutoComplete:Ad
goog$iter$Iterator:sf
goog$ui$Component:X
JSCompiler_StaticMethods_hiliteMatchingText_:nf
goog$events$KeyEvent:De
goog$object$isEmpty:Ua
goog$dom$getElementsByTagNameAndClass_:jb
goog$string$trim:cb
CITYS:xd
JSCompiler_StaticMethods_isNumericField_:qd
goog$net$BulkLoader:uh
goog$Disposable:U
goog$nullFunction:ca
userAgent$$inline_100:Fh
goog$dom$contains:ub
goog$style$getSizeWithDisplay_:Cc
JSCompiler_StaticMethods_buildDate_:ed
goog$events$KeyCodes$firesKeyPressEvent:ye
goog$ui$ac$ArrayMatcher:wd
goog$Promise$CancellationError:ne
goog$fx$dom$Fade:cf
JSCompiler_StaticMethods_redraw:mf
JSCompiler_StaticMethods_isSuccess:qh
JSCompiler_StaticMethods_stopWaitingForIme_:Je
goog$events$fireListeners_:jc
JSCompiler_StaticMethods_cleanupKeysArray_:Vf
goog$events$Event:Ib
JSCompiler_StaticMethods_getTokenRegExp_:of
goog$object$getValues:Sa
goog$style$unselectableStyle_:Gc
goog$ui$ac$createSimpleAutoComplete:rf
goog$math$Coordinate$difference:eb
JSCompiler_StaticMethods_hilitePrev:Gd
goog$iter$forEach:vf
goog$array$map:pf
goog$fx$anim$requestAnimationFrame_:We
goog$soy$data$SanitizedContentKind$HTML:Ab
moduleManager:Yg
JSCompiler_StaticMethods_addUserInitiatedLoadingModule_:Tg
goog$Disposable$instances_:Fb
JSCompiler_StaticMethods_processFocus:He
JSCompiler_StaticMethods_formatField_:nd
goog$Promise$State_$FULFILLED:ge
JSCompiler_StaticMethods_onReadyStateChangeHelper_:mh
goog$iter$StopIteration:uf
goog$iter$toIterator:tf
goog$globalEval:oa
goog$positioning$AbstractPosition:Mf
goog$math$Rect:qc
JSCompiler_StaticMethods_setVisible:If
JSCompiler_StaticMethods_cleanUpTimeoutTimer_:sh
goog$events$BrowserFeature$SET_KEY_CODE_TO_PREVENT_DEFAULT:Jh
goog$async$run$WorkItem_:ae
goog$fx$dom$FadeOutAndHide:df
JSCompiler_StaticMethods_setLoaded:Xg
goog$events$Listenable$IMPLEMENTED_BY_PROP:Nb
goog$dom$classlist$add:Me
