showOtherMonths_:ui
keyHandlers_:Pb
year:Ra
dispatchAnimationEvent:Ha
elTable_:aa
getHandler:h
ddlMultiAdults:qc
score:pi
tcAirSearchRSField:pa
currentClusterVisible:dd
reposition:ra
childIndex_:V
eh_:P
selectionHandler_:Jc
children_:T
callbackEntries_:ka
onMouseDown_:$h
elFootRow_:od
ac_txt_Multi_O2:zl
moduleConstructor_:nk
disposed_:Jb
ac_txt_Multi_O4:Bl
ac_txt_Multi_O3:Al
allowFreeSelect_:Cg
tcAirItineraryField:Vk
Promise:ug
proxy:Qd
handleFocus:sh
onEnd:Wb
SHORTMONTHS:me
grid_:Ya
DATEFORMATS:yb
tabvuelos_ida_vuelta_t:Of
loadModules_:Hd
keyPressKey_:Cd
STANDALONEWEEKDAYS:xg
visible_:jc
showScrollbarsIfTooLarge_:wi
dateTimeFormatter_:Ie
parent_:m
txtDateMultiO4:Uf
uri_:dl
tabvuelos_ida_vuelta:Nf
ddlMultiAge6:kd
callOnce:$c
ddlMultiAge4:hd
superClass_:e
ddlMultiAge5:jd
successFn:Lf
ddlMultiAge2:fd
vuelos_ida_vuelta_t:Oi
ddlMultiAge3:gd
searchParams:$l
onButtonReturnClick_:pk
upsideDown_:Ki
separatorCheck_:Lk
hidePopupElement:yh
loadRequested:Oh
popup_:za
vuelos_multi_destinos:Pi
errorDispatched_:Re
rowNode:Yl
cb:Mg
onCancelFunction_:Sh
elNone_:hh
literals_:Nh
userSelectableDateRange_:Rc
cleanupWhenDone:sj
WEEKENDRANGE:se
onDocumentKeyDown_:rk
FIRSTDAYOFWEEK:Tc
DAY_ABBR:kl
loops:Ph
creationStack:Il
immediatelyCancelDelayedDismiss_:Ch
updateDuringTyping_:cl
lastKeyCode_:Lh
requestedLoadingModuleIds_:Na
DocumentTypeId:jg
showWeekdays_:yi
ddlMultiAge1:ed
ddlMultiInfants:md
Year:yg
getElement:j
days:ga
txtDateMultiO1:Rf
txtDateMultiO2:Sf
txtDateMultiO3:Tf
ac_:v
ddlMultiBebes:Ke
register:bb
ieProgId_:Ah
throwError:Wk
resolve:li
WEEKDAY_MONTH_DAY_MEDIUM:rl
handleKeyDown_:Pj
STANDALONESHORTMONTHS:pe
listener:mb
getBaseCssClass:c
defaultThreshold_:Jl
onAnimate:tf
popupContent:Dk
customRenderer_:pc
currentlyLoadingModule_:Rg
handleYearMenuClick_:Vj
fn_:td
timeZoneId_:Fi
airlines:Dl
liautos:Ql
vuelos_multi_destino3:Sc
onReserveClick:xk
vuelos_multi_destino4:kc
eventPool_:Gj
vuelos_multi_destino2:jm
target_:O
keyCode_:$a
shouldHideAsync_:Ok
timeoutInterval_:Xd
txtMultiD1:Qa
txtMultiD2:Vf
nextId_:sf
fps_:oh
el:Kb
txtMultiD3:Wf
txtMultiD4:Xf
popupCorner_:Ek
handleError_:Ze
month:Tb
maxClusterVisibles:pf
departureTimes:bh
propagationStopped_:sb
btnReserve:kj
disposeInternal:g
child:Db
nextMonth:Rh
handleBlur:Lj
topAlign_:Yd
fn:Ij
dp_txtFechaMultiO1:Ua
pseudos:tb
MONTH_DAY_ABBR:ll
unblockAndFulfill_:Ii
handleMenuClick_:th
MODULE_RESULTS_CSS:Vi
menu_:nb
MONTH_DAY_YEAR_MEDIUM:pl
handleMouseDown_:vh
active_:Sa
onClickRadiosModeFlights:uf
rblMultiStop:ub
createObjectFn_:Qg
matcher_:Ec
FIRSTWEEKCUTOFFDAY:Uc
agregarOcultar1:fb
agregarOcultar2:Da
hoteles:Ol
dismissTimer_:hb
fps:Ll
decoratorFunction_:Yg
lastValue_:kf
passengerInfo:B
handleGridKeyPress_:Oj
agregarOcultar3:Ea
agregarOcultar4:gb
createObject:cd
frmAir:ud
keyDownKey_:ef
isClick:Gh
tick_:Xk
userLastActive_:Li
clone:o
executeCallbacks_:sd
tracerOverheadEnd_:al
tracerCount_:Zk
exitDocument:ba
lihoteles:Rl
listenOnce:Dc
hiliteId_:Za
YEAR_MONTH_FULL:aj
otag:zk
QUARTERS:le
userInitiatedLoadingModuleIds_:ic
trimmer_:Hi
modal_vuelos:Kd
years:ja
createDom:D
corner:He
attachInputs:Ae
cachedOptions_:Zc
scheme_:cb
sequence_:Vd
parentEventTarget_:Pd
xhr_:n
addEvents:cj
baseModuleInfo_:Yc
altKey_:ze
dismiss:Ga
autos:Fl
lastUri_:jf
disposeObjectFn_:fh
eventType:Te
attrs:Xc
getBrowserEvent:ph
keyHandler_:Bc
nextYear:ok
waitingForIme_:eb
fired_:Va
commentStrip:wj
MONTH_DAY_MEDIUM:nl
activeTimeoutId_:we
earlyOnloadCallbacks_:gh
deferred:Bj
obMetaData:Tl
deferred_:$g
removeChildren:ji
txt2VFechaMulti:fc
estimatedTimes:lh
actualEventTarget_:bj
firstRowId_:W
dateTimeParser_:Vg
allowNone_:ye
tblEdades:bm
matchListener_:hk
onBegin:rb
tabvuels_solo_ida:Qf
getModuleContext:qh
OnModuleSearchLoaded:Xi
dayOfWeek:Je
era:kh
inSend_:Bd
eventHandler_:jb
renderOne:Ik
eventTime:mh
loadModules:ek
YEAR_MONTH_ABBR:ul
idGenerator_:ak
longDateFormat_:fk
onReadyStateChange_:ai
cleanupSend_:Ng
TIMEFORMATS:mc
unblockAndReject_:Ji
listeners:Y
menuSelected_:Qb
lastKey_:ha
lastMethod_:ck
lastDivVisiblePosition:Ih
DocumentNumber:gg
stats_:Ci
canDecorate:Lg
listener_:nf
responseTexts_:Ud
removed:ac
matchFor:of
equals:tc
Genre:ng
callback_:pj
branches_:Ee
error_:rd
xhrOptions_:ee
highlightedClassName:Wj
toIsoString:Oc
vuelos_ida_vuelta:Ni
STANDALONESHORTWEEKDAYS:qe
boundTick_:De
resultsLoaded:ni
position_:Bf
domain_:Ia
tabvuelos_multi_destinos:Pf
lbMultidestino:mf
port_:Yb
simpleNavigation_:zi
months:ia
enableCrossIframeDismissal_:Dj
onIeKeyPress_:Wh
lastResortOverflow_:dk
setParentEventTarget:Lc
lastActive_:Hh
objPopup:qb
highlightAllTokens_:yd
dispose:l
freeQueue_:Ve
maxCount_:jk
ERAS:je
getResponseTexts:Xe
renderRow:Wl
maxMatches_:kk
interval_:Nb
token_:sa
showTransition_:Mc
amountCurrencys:Dg
dataResults:Sg
renderResults:Cf
showWeekNum_:If
debugMode_:rc
row:vb
continueHidingPopup_:Og
attr:Be
render:bc
arrivalTimes:Gg
closePopup:tj
getDatePicker:vc
lastTarget_:Fd
scrollerListener:Zl
baseCssClass_:ij
onDocumentMouseDown_:Vh
ddlMultiMonths3:Ne
ddlMultiMonths2:Me
ddlMultiMonths1:Le
getKeys:wa
objSearch:Vb
hilitedRow_:zd
getTag:Ye
ddlMultiMonths6:Pe
ddlMultiMonths5:Oe
useRightPositioningForRtl_:hm
ddlMultiMonths4:Xg
applyStandardPattern_:Vc
AMPMS:fe
hideTransition_:yc
menuCallback_:qf
i18nDateFormatterDay2_:Xj
wdayStyles_:de
segmentSelected:cc
callback:oc
rowDivs_:wb
MODULE_REGISTER_CSS:Ui
onChangedropdownlistMultiAges:Th
handler:xd
showYearMenu_:Qk
event_:ua
i18nDateFormatterMonthYear_:Zj
hadUnhandledRejection_:wd
handleEvent_:Mj
MONTHS:ke
platformModifierKey:Ck
Month:rg
removeAll:$b
lastError_:Ed
numMonths:Fc
handleKeyup_:Rj
model_:mk
uris_:hc
sourceUrlInjection_:Ai
script_:qi
wasHighlightedAtLeastOnce_:Si
onShow_:di
rowClassName:Ff
txtFechaMultiO1:Pc
then:dc
txtFechaMultiO2:em
onModuleResultsLoaded:tk
str:Uk
cellIdGenerator_:qj
txtFechaMultiO3:fm
SHORTWEEKDAYS:oe
txtFechaMultiO4:gm
handleSuccess_:$e
ddlClassMulti:Wg
overflow_:Ak
loadingModuleIds_:ab
stops:Di
anim:El
btnreturnresults:mj
getListener:wc
standardOffset_:Kf
activeElement_:k
xmlHttpFactory_:lc
PassengerInfoId:Yi
enterDocument:Q
dataSelected:Tg
STANDALONEMONTHS:zb
handler_:I
moduleInfoMap_:Z
STANDALONENARROWMONTHS:vg
availability:S
STANDALONENARROWWEEKDAYS:wg
lastErrorCode_:Cc
NARROWMONTHS:tg
metaData:lk
chkAgree:rj
isVisible_:Ob
lastHideTime_:Jh
timer_:K
onKeyUp_:Yh
tzNames_:bg
txtMultiO1:Ca
module_:pb
renderer_:da
attach:Wc
DayId:fg
ignoreCase_:na
elToday_:ih
txtMultiO4:$f
txtMultiO2:Yf
rightToLeft_:Xl
handleMenuKeyPress_:uh
txtMultiO3:Zf
Window:Zi
oquery:Vl
wasDecorated_:Ri
FirstName:lg
YEAR_FULL:$i
objresultados:ca
responseTexts:Ef
startTime_:Sk
silentlyCanceled_:Jf
unhandledErrorId_:$d
count_:L
tableFoot_:Ei
transitions_:Zd
margin_:gk
initialModulesLoaded_:zc
helper_:Mb
whitespaceWrapEntries_:hl
queryData_:Aa
inAbort_:lb
progress:oa
oper:Od
endTime:jh
commentCount_:vj
startRenderingRows_:Bi
airLines:dj
unlisten:U
imgCortinilla:Bh
onFulfilled:wf
applyPattern_:nc
path_:ya
dialogo:nd
googUiComponentHandler_:Xa
popupParentElement_:gi
hidePopup:af
dateTimeSymbols_:s
doAction_:Cj
TypeDesc:ql
result_:Oa
autoHidePartners_:Hg
generales:Ml
showToday_:xi
Desc:ie
generateNewTokenOnLiteral_:Jj
lastInitialModuleId_:Kh
last_:lf
useSimilar_:el
img_cortinilla:Pl
document_:p
wdayNames_:gl
hiliteId:La
dp_txt2VFechaMulti:Ta
timeoutId_:Wd
departureAirports:ah
modal_vuelos_2:Sb
ddlAerolinea:zj
modal_vuelos_1:ob
handleGridClick_:Nj
modal_vuelos_0:Rb
intTabModalidadVuelos:cf
id_:t
tracerOverheadComment_:$k
query:Zb
typeCount_:Qc
isVisible:qa
MONTH_DAY_FULL:ml
livuelos:Gd
map_:xa
ERANAMES:kg
elNavRow_:qd
fragment_:kb
ids:d
LastName:pg
loader_:Id
onRegisterLoaded_:wk
previousYear:Hk
blocking_:jj
WEEKDAY_MONTH_DAY_YEAR_MEDIUM:sl
contenido:Ge
datePicker_:la
idPool_:zh
lastShowTime_:hf
keyUpKey_:Dd
YEAR_FULL_WITH_ERA:tl
classes:Fa
isReadOnly_:bk
disposeObject:eh
getId:va
hideOnEscape_:xh
onKeyDownOnInactiveElement_:sk
previousMonth:hi
timerObject_:ec
Cant:ge
preventDefaultOnTab_:Fk
eventTargetListeners_:Ja
activeClassName:Bg
clusters:Fe
onClickOnSelectedTab:qk
onErrorCallbacks_:vf
onloadCallbacks_:yf
hours:F
keyMap_:J
extraWeekAtEnd_:Hj
SHORTQUARTERS:ne
tzOffset:cg
multi_:Ub
i18nDateFormatterWeek_:$j
lastFrame:gf
widthProvider_:il
btnreturnsearch:nj
DocumentType:ig
activeMonth_:G
encodedQuery_:ma
decorateInternal:Hb
useXhr2Timeout_:dg
popup:Af
consecutiveFailures_:bd
onReadyStateChangeEntryPoint_:vk
callbackMap_:ad
showFixedNumWeeks_:ti
getPreserveHilited:Nl
keys_:w
txtVDateMultiD1:ag
arrivalAirPorts:Fg
comment:uj
firstWeekCutOffDay_:uc
getInstance:Lb
onKeyPress_:Xh
setIgnoreCase:Hf
type_:gc
DocumentNumberId:hg
base:fa
container:Hl
milliseconds:rf
endDate_:Ej
ampm:Eg
ambiguousYear:ej
seconds:N
reposition_:Jk
separatorSelects_:Mk
loadingModulesStatus_:Ma
objResults:A
varAlloc:Mi
getCount:We
selectNone:ri
state_:C
timeout_:Pa
anchorElement_:gj
handleLoadError_:Sj
errorFn:Se
startPoint:Nc
version_:be
onDocumentBlur_:Uh
onClickAddRemoveMultipleDestinations:Md
deps_:dh
handleMonthMenuClick_:Uj
useStandardHighlighting_:fl
moduleContext_:Qh
concurrentLoadingEnabled_:xj
defaultScope_:Zg
passenger:Xb
amountCurrencyLocalField:fj
requestUris:ki
replacer_:Td
returnValue_:oi
ocultar:Ul
updateStyle:ae
DATETIMEFORMATS:he
tracerOverheadStart_:bl
infixOper:Dh
matchWordBoundary_:ik
onDisposeCallbacks_:Nd
ZERODIGIT:te
getElementByClass:vd
defaultSeparator_:Aj
activateHandler_:ve
accel_:Ag
autoHide_:Jg
cmbHabitaciones:Gl
totalVarAlloc:Yk
callbackParamName_:oj
dateSelected:Ug
i18nDateFormatterDay_:Yj
statPool_:Tk
arrResults:ta
element_:a
contentKind:yj
userInfo_:xb
separators_:Kc
triggerSuggestionsOnUpdate_:Gi
continue_:Pg
rightAlign_:Kk
elYear_:sc
token:dm
popupDatePicker_:q
endPoint:Fj
dom_:i
Type:Ab
MonthId:sg
handleClick_:rh
symbols_:Ba
tableBody_:Mf
onSeleccionarClick_:bi
Day:eg
processBlur:ii
requestedModuleIdsQueue_:$
date:f
tblPax:cm
inOpen_:bf
nozip:Ld
executing_:Ue
LastNameId:qg
ac_txt_Multi_D1:vl
objRender:Gc
FirstNameId:mg
hadError_:xc
isActive:Ac
listen:b
autoHilite_:hj
onSelectStops_:ci
blocked_:Ce
events_:nh
onPopup_:uk
wrap_:Ti
preventSelectionOnTab_:Gk
isRowDisabled:df
startDate_:Rk
destroyMenu_:Ib
onTick_:ei
inputToAnchorMap_:Eh
tag:ea
day:Gb
selectToday:si
registerCallback_:Sd
renderRows:Df
containsKey:Eb
minutes:M
labelInput_:ff
onRejected:xf
onDateChanged_:Hc
GenreId:og
getDomHelper:R
ddlMultiNinios:Qe
rowJustSelected_:Gf
cortinilla:Fb
onSearchClick_:yk
act_xt_Multi_O1:Cl
getAutoHilite:Kj
handleLoadTimeout_:Tj
requestedModuleIds_:Ic
handleMouseOver_:wh
menuFadeDuration_:Jd
ddlMultiChildren:ld
btn_buscar_:lj
onKey_:Zh
vuelos_ida_vuelta1:im
YearId:zg
outstandingEvents_:fi
autoHideRegion_:Ig
passengerInfoDiv:Bk
legacyActiveClassName_:Mh
__iterator__:ue
elMonth_:ib
moduleIds:Sl
instance_:Fh
MONTH_DAY_SHORT:ol
abutStart:Bb
showPopup_:vi
WEEKDAYS:re
NARROWWEEKDAYS:Wi
stopTime:am
rows_:r
date_:H
overflowConstraint_:zf
filterOptions:Kl
elMonthYear_:pd
patternParts_:u
i18nDateFormatterYear_:Ad
animation_:Cb
getValues:Ka
vuelos_solo_ida:Qi
batchModeEnabled_:Kg
allowAutoFocus_:xe
showMonthMenu_:Pk
withCredentials_:jl
inDocument_:X
firstDayOfWeek_:Wa
handleKeyUp:Qj
vuelos:ce
separatorUpdates_:Nk
ac_txt_Multi_D3:xl
ac_txt_Multi_D2:wl
ac_txt_Multi_D4:yl
responseType_:mi
registerCallback:Rd
