goog$module$ModuleManager:Pc
JSCompiler_StaticMethods_resolve_:Za
JSCompiler_StaticMethods_requeueBatchOrDispatchFailure_:fd
JSCompiler_StaticMethods_isCss1CompatMode:Je
goog$net$jsloader$loadMany:Ed
goog$userAgent$getDocumentMode_:pb
goog$functions$TRUE:bj
goog$fx$TransitionBase:nh
JSCompiler_StaticMethods_setValues:ui
goog$Uri$reDisallowedInSchemeOrUserInfo_:Ri
goog$net$XhrIo:qd
goog$async$run$processWorkQueue:Ua
goog$net$XmlHttpFactory:id
goog$fx$dom$PredefinedEffect:yh
goog$disposeAll:ob
JSCompiler_StaticMethods_isModuleLoading:Xc
goog$net$jsloader$load:Gd
goog$dom$forms$getValue:ki
goog$date$Interval$DAYS:Tf
goog$fx$AnimationEvent:xh
goog$json$Serializer:kj
goog$math$Coordinate:U
goog$net$jsloader$ErrorCode$TIMEOUT:Kd
goog$i18n$DateTimeFormat:eg
goog$style$getStyle_:mf
navigator$$inline_109:Wd
JSCompiler_StaticMethods_matchString_:og
goog$async$run$workQueueScheduled_:Qa
goog$Uri$reDisallowedInAbsolutePath_:Si
flights$Register:jj
goog$dom$getElement:V
goog$array$slice:Me
JSCompiler_prototypeAlias:n
JSCompiler_stubMap:ca
goog$structs$forEach:zc
goog$style$isRightToLeft:rf
goog$ui$ac$AutoComplete$EventType$SELECT:wg
goog$userAgent$IE:S
JSCompiler_unstubMethod:He
goog$string$isEmptyOrWhitespace:Re
flights$template$register$register:sj
goog$ui$ac$ArrayMatcher$getPrefixMatchesForRows:sg
goog$net$Jsonp$scriptCounter_:Vi
goog$module$ModuleLoadCallback:ec
goog$Promise$State_$REJECTED:ab
JSCompiler_StaticMethods_setMargin:Zi
goog$events$onStringMap_:Kb
goog$dom$append_:se
goog$async$nextTick$setImmediate_:Va
goog$userAgent$product$detectedIpad_:ke
JSCompiler_StaticMethods_ensureNotVisible_:Xh
soy$esc$$0$0ESCAPE_MAP_FOR_ESCAPE_HTML__AND__NORMALIZE_HTML__AND__ESCAPE_HTML_NOSPACE__AND__NORMALIZE_HTML_NOSPACE_:hf
JSCompiler_StaticMethods_dismissOnDelay:Jg
goog$dispose:nb
goog$uri$utils$split:nd
JSCompiler_StaticMethods_removeByKey:Cb
goog$uri$utils$splitRe_:pd
goog$module$ModuleLoader$EventType$REQUEST_ERROR:Td
goog$date$DateTime:ag
JSCompiler_StaticMethods_parseInt_:ng
goog$async$throwException:La
goog$events$getListenerMap_:Hb
JSCompiler_StaticMethods_getTimezoneOffsetString:$f
goog$fx$anim$cycleAnimations_:th
goog$isDef:w
JSCompiler_StaticMethods_removeUnhandledRejection_:cb
goog$ui$InputDatePicker:gi
goog$async$Delay:ph
JSCompiler_StaticMethods_isOrWithinAutoHidePartner_:$h
goog$debug$Trace_:Jc
goog$net$jsloader$scriptsToLoad_:Fd
goog$net$XhrIo$ResponseType$DEFAULT:rd
goog$structs$Map:Fc
goog$events$listenOnce:ue
JSCompiler_StaticMethods_setDatePickers:Ei
goog$date$Interval$MINUTES:Vf
ua$$inline_289:me
goog$events$EventHandler$typeArray_:fe
goog$ui$Popup:ci
goog$events$listen_:Gb
goog$events$KeyCodes$normalizeGeckoKeyCode:Sg
JSCompiler_StaticMethods_setId:Jf
goog$a11y$aria$setActiveDescendant:Og
goog$net$jsloader$getScriptParentElement_:Md
goog$dom$classlist$contains:ah
goog$array$some:uc
goog$ui$IdGenerator:Gf
goog$fx$Animation:vh
goog$Thenable$addImplementation:ra
JSCompiler_StaticMethods_check_:nc
goog$dom$setProperties:Yb
goog$style$getPixelStyleValue_:uf
JSCompiler_returnArg:ba
goog$net$DefaultXmlHttpFactory:jd
goog$events$unlisten:Pb
goog$addSingletonGetter:ea
goog$dom$classlist$get:$g
doc$$inline_153:be
goog$labs$userAgent$util$userAgent_:Ea
JSCompiler_StaticMethods_decorate:Mf
goog$style$getBorderBox:Ff
goog$dom$classlist$addAll:ch
goog$dom$selection$canonicalizePositionIe_:Ig
JSCompiler_StaticMethods_addPreventDefaultClickHandler_:Qh
goog$userAgent$GECKO:M
goog$dom$DomHelper:Wb
goog$dom$defaultDomHelper_:Xb
goog$string$NULL_RE_:Ce
goog$ui$Component$defaultRightToLeft_:If
goog$date$DateRange:Lh
goog$events$KeyHandler$USES_KEYDOWN_:Li
JSCompiler_StaticMethods_enforceReadOnly:$
goog$object$forEach:Fa
goog$events$KeyHandler:Tg
goog$module$ModuleInfo:fc
goog$userAgent$product$CHROME:Rd
goog$object$getKeys:Ia
goog$events$BrowserEvent:L
goog$string$toTitleCase:cf
flights$template$results$popupContent:gj
JSCompiler_StaticMethods_addChildPromise_:fb
JSCompiler_StaticMethods_getDaylightAdjustment:dg
flights$template$register$passengerInfo:rj
JSCompiler_StaticMethods_splitInput_:Fg
goog$dom$classlist$removeAll:mh
goog:wd
goog$async$run:Na
JSCompiler_StaticMethods_getRowFromEventTarget_:Jh
JSCompiler_StaticMethods_getDocument:Ke
goog$dom$getDomHelper:P
goog$ui$DefaultDatePickerRenderer:Mh
JSCompiler_StaticMethods_registerErrback:gc
goog$string$GT_RE_:ze
goog$style$getIePixelValue_:Bf
goog$date$Interval$YEARS:Rf
goog$style$MATRIX_TRANSLATION_REGEX_:tf
goog$a11y$aria$setState:Mg
goog$ui$ac$InputHandler$REQUIRES_ASYNC_BLUR_:Ni
goog$array$sort:af
goog$ui$ac$AutoComplete$EventType$CANCEL_DISMISS:xg
goog$net$Jsonp:yi
goog$date$DateRange$MINIMUM_DATE:Oi
JSCompiler_StaticMethods_processModulesForLoad_:$c
goog$dom$BrowserFeature$CAN_ADD_NAME_OR_TYPE_ATTRIBUTES:ee
JSCompiler_StaticMethods_createCortinilla:Di
JSCompiler_StaticMethods_maybeFixDst_:Zf
JSCompiler_StaticMethods_render_:Lf
goog$date$Date:Xf
JSCompiler_StaticMethods_registerModuleLoadCallbacks_:Wc
goog$net$XhrIo$HTTP_SCHEME_PATTERN:Cd
JSCompiler_StaticMethods_setQueryData:oi
goog$async$Deferred:kc
goog$module$ModuleLoader$LoadStatus:Ud
JSCompiler_StaticMethods_hiliteRow:Eh
goog$dom$getElementByClass:T
goog$events$ListenerMap:Bb
goog$array$forEach:Ac
goog$userAgent$product$IPHONE:ne
goog$string$SINGLE_QUOTE_RE_:Be
goog$i18n$DateTimeFormat$validateDateHasTime_:ig
goog$dom$createDom:Te
goog$typeOf:fa
goog$date$Interval$SECONDS:Wf
goog$object$add:Ye
goog$object$createSet:Xe
goog$i18n$DateTimePatterns_en:Qi
goog$userAgent$X11:$d
goog$array$indexOf:xa
goog$i18n$DateTimeFormat$TOKENS_:Hi
goog$userAgent$isVersionOrHigher:K
goog$dom$selection$getRangeIe_:Hg
goog$Thenable$isImplementedBy:sa
goog$events$Listener:yb
JSCompiler_StaticMethods_dispatchModuleLoadFailed_:Sc
goog$string$AMP_RE_:xe
L 1:b
JSCompiler_StaticMethods_fireChangeActiveMonthEvent_:Uh
goog$events$KeyHandler$keyIdentifier_:Ki
L 0:a
goog$debug$Error:ta
L 3:f
L 2:e
L 5:h
L 4:g
JSCompiler_StaticMethods_fireListeners:Ub
L 7:m
L 6:l
L 9:q
L 8:p
goog$date$getNumberOfDaysInMonth:Pf
goog$async$run$workQueue_:Sa
goog$array$toArray:Aa
goog$isFunction:B
goog$dom$getElementsByClass:Ue
goog$string$padNumber:W
goog$net$XhrIo$send:tj
goog$style$getClientPositionForElement_:sf
goog$net$jsloader$cleanup_:Id
JSCompiler_StaticMethods_loadModulesOrEnqueue_:Zc
sibling$$inline_819:Yi
JSCompiler_StaticMethods_updateResult_:lc
JSCompiler_StaticMethods_onError:jc
JSCompiler_StaticMethods_evaluateCode_:Od
goog$array$filter:gd
goog$fx$anim$animationDelay_:rh
JSCompiler_StaticMethods_scheduleCallbacks_:eb
goog$Promise$addUnhandledRejection_:ib
goog$debug$Trace_$longToPaddedString_:Nc
goog$module$ModuleLoader$EventType$REQUEST_SUCCESS:Qd
JSCompiler_StaticMethods_localizeNumbers_:hg
goog$debug$Trace_$Event_:Kc
JSCompiler_StaticMethods_createMenu_:Rh
goog$math$Size:Le
goog$debug$Trace_$formatTime_:Oc
goog$events$ListenerMap$findListenerIndex_:Db
JSCompiler_StaticMethods_hide_:Zh
JSCompiler_StaticMethods_ensureKeyMapInitialized_:wi
JSCompiler_StaticMethods_selectHilited:Bg
goog$math$Box:jf
JSCompiler_StaticMethods_setAllModuleInfo:Qc
goog$style$getPageOffset:qf
JSCompiler_StaticMethods_format:fg
goog$async$Deferred$errorMap_:vc
JSCompiler_StaticMethods_cancelDelayedDismiss:Kg
goog$array$insert:ya
goog$async$Deferred$Error_:wc
goog$net$Jsonp$newReplyHandler_:Bi
JSCompiler_StaticMethods_getNotYetLoadedTransitiveDepIds_:ad
goog$dom$createDom_:Ge
JSCompiler_StaticMethods_setPort:ni
goog$events$KeyCodes$normalizeKeyCode:Rg
goog$events$Listenable$isImplementedBy:wb
goog$events$wrapListener:Fb
JSCompiler_StaticMethods_createButton_:Nh
goog$Uri$QueryData:qi
JSCompiler_StaticMethods_getDocumentScroll:Ie
goog$structs$Map$defaultEquals:De
goog$UID_PROPERTY_:ka
JSCompiler_StaticMethods_getInputValueAsDate_:ii
JSCompiler_StaticMethods_updateCoords_:wh
goog$Uri$reDisallowedInQuery_:si
goog$bindNative_:ma
goog$ui$ac$InputHandler:Vg
goog$events$BrowserFeature$HAS_W3C_EVENT_SUPPORT:Ob
goog$style$installStyles:yf
soy$esc$$0$0REPLACER_FOR_ESCAPE_HTML__AND__NORMALIZE_HTML__AND__ESCAPE_HTML_NOSPACE__AND__NORMALIZE_HTML_NOSPACE_:gf
goog$i18n$DateTimeParse$PATTERN_CHARS_:Ii
goog$userAgent$OPERA:Yd
goog$string$regExpEscape:Qe
goog$uidCounter_:la
flights$template$results$flights:hj
goog$array$find:va
goog$events$EventTarget:O
goog$array$ARRAY_PROTOTYPE_:I
goog$events$getProxy:Jb
goog$ui$DatePickerEvent:Vh
goog$userAgent$WEBKIT:N
goog$Promise$State_$PENDING:Ya
goog$json$Serializer$charsToReplace_:ge
JSCompiler_StaticMethods_adjustCorner:fj
JSCompiler_StaticMethods_dispatchErrors_:ud
objSearch:qe
goog$isNumber:ha
goog$events$KeyHandler$SAVE_ALT_FOR_KEYPRESS_:Mi
goog$module$ModuleLoader$EventType$EVALUATE_CODE:Sd
goog$Promise$handleRejection_:jb
goog$module$ModuleLoader$Event:Pd
JSCompiler_StaticMethods_addCallbackEntry_:db
goog$userAgent$isVersionOrHigherCache_:qb
goog$Uri:li
goog$style$getIePixelDistance_:Cf
goog$uri$utils$needsPhishingProtection_:od
goog$net$XmlHttp$factory_:he
JSCompiler_StaticMethods_skipSpace_:lg
goog$ui$ac$AutoComplete$EventType$DISMISS:yg
goog$dom$getOwnerDocument:Q
goog$userAgent$MAC:vb
JSCompiler_StaticMethods_getStatus:yd
JSCompiler_StaticMethods_searchflights:Gi
goog$net$jsloader$Error:Jd
moduleLoader:pe
goog$array$extend:Ba
JSCompiler_StaticMethods_getNextUniqueId:Hf
goog$style$ieBorderWidthKeywords_:Ef
goog$i18n$TimeZone:bg
JSCompiler_StaticMethods_toTraceString:Mc
goog$array$concat:bf
goog$array$splice:Pe
JSCompiler_get:k
JSCompiler_StaticMethods_hasErrback_:qc
JSCompiler_StaticMethods_getIndexOfId:Cg
goog$net$BulkLoaderHelper:hd
JSCompiler_StaticMethods_updateCalendarGrid_:Th
goog$module$ModuleManager$FailureType$INIT_ERROR:Tc
goog$isObject:ia
JSCompiler_StaticMethods_cleanUpXhr_:Ad
manager$Loader:Vd
goog$net$jsloader$cancel_:Hd
goog$debug$Trace_$Stat_:Lc
goog$net$XhrIo$sendInstances_:uj
goog$style$getBoundingClientRect_:nf
flights$Results:Wi
JSCompiler_StaticMethods_cancelInternal_:bb
goog$net$XhrIo$isContentTypeHeader_:sd
goog$isArray:y
goog$bind:C
goog$i18n$DateTimePatterns:Ph
L 10:r
goog$events$unlistenByKey:Qb
goog$fx$anim$activeAnimations_:$e
L 14:H
goog$net$jsloader$ErrorCode$LOAD_ERROR:Ld
L 13:t
L 12:x
L 11:s
L 18:u
L 17:Ga
goog$isArrayLike:ga
goog$ui$ac$Renderer:Dh
goog$net$Jsonp$cleanup_:Ai
L 16:Ra
L 15:F
goog$string$LT_RE_:ye
L 19:rc
JSCompiler_emptyFn:aa
goog$events$LISTENER_MAP_PROP_:Ib
goog$fx$TransitionBase$State$STOPPED:oh
goog$now:R
goog$style$evaluateWithTemporaryDisplay_:vf
goog$dom$selection$useSelectionProperties_:Gg
goog$async$nextTick$getSetImmediateEmulator_:Ma
JSCompiler_StaticMethods_callCallbacks_:ic
goog$functions$error:ua
goog$i18n$DateTimeParse$MyDate_:pg
JSCompiler_StaticMethods_getKeyName_:xi
JSCompiler_StaticMethods_forEachChild:Of
goog$Promise:Wa
goog$events$EventHandler:cc
goog$style$getVisibleRectForElement:pf
JSCompiler_StaticMethods_addCallbacks:pc
goog$events$listenerCountEstimate_:Mb
goog$getUid:ja
goog$style$getOffsetParent:of
JSCompiler_StaticMethods_execOnLoad:ed
goog$dom$removeChildren:$b
goog$positioning$positionAtAnchor:Ch
goog$dom$DIRECT_ATTRIBUTE_MAP_:Zb
JSCompiler_StaticMethods_loadNextModules_:dd
goog$events$KeyHandler$safariKey_:Ji
goog$positioning$AnchoredViewportPosition:ej
goog$date$Interval$MONTHS:Sf
JSCompiler_StaticMethods_setScheme:mi
goog$events$listen:Eb
JSCompiler_StaticMethods_setModuleUris:Vc
JSCompiler_StaticMethods_setHideOnEscape:$i
L 32:hh
L 31:jh
L 30:pj
JSCompiler_StaticMethods_serializeInternal:lj
L 36:oj
goog$date$Interval:Qf
L 35:Xa
L 34:fh
L 33:gh
L 39:xj
L 38:wj
goog$ui$PopupDatePicker:ei
L 37:eh
JSCompiler_StaticMethods_internalGetOptions:md
goog$i18n$DateTimeParse:jg
JSCompiler_StaticMethods_getKeyHandlerForElement_:Sh
JSCompiler_StaticMethods_subParse_:mg
goog$Uri$reDisallowedInFragment_:Ui
JSCompiler_StaticMethods_getTokenIndex_:Dg
goog$inherits:G
goog$structs$Map$hasKey_:Hc
goog$positioning$AnchoredPosition:bi
goog$events$KeyCodes$isCharacterKey:Qg
goog$json$serialize:vj
goog$object$extend:Ja
goog$dom$query:ij
L 21:lb
goog$dom$classes$add:Xi
L 20:ih
goog$string$ALL_RE_:we
L 25:td
goog$events$handleBrowserEvent_:Nb
goog$userAgent$DOCUMENT_MODE:ce
goog$ui$PopupBase:Wh
L 24:lh
L 23:Lb
L 22:kh
L 29:Ne
soy$$0$0escapeHtml:X
L 28:sc
goog$string$QUOT_RE_:Ae
JSCompiler_StaticMethods_setParent:Kf
L 27:qj
goog$userAgent$product$detectedIphone_:je
goog$date$DateRange$MAXIMUM_DATE:Pi
L 26:tc
JSCompiler_StaticMethods_getProgId_:ld
goog$events$fireListener:Sb
goog$Uri$encodeSpecialChars_:ri
goog$array$contains:wa
goog$a11y$aria$DefaultStateValueMap_:Ng
L 50:Lj
goog$Uri$decodeOrEmpty_:pi
L 54:Nj
L 53:D
goog$async$run$schedule_:Oa
L 52:Mj
goog$net$XhrIo$METHODS_WITH_FORM_DATA:ie
L 51:Ij
goog$array$remove:za
L 56:Kj
L 55:Jj
goog$userAgent$product$IPAD:oe
JSCompiler_stubMethod:v
goog$labs$userAgent$util$matchUserAgent:Da
goog$events$LISTENER_WRAPPER_PROP_:Tb
goog$dom$forms$addFormDataToMap_:ji
goog$evalWorksForGlobals_:qa
goog$style$getIePixelBorder_:Df
goog$net$Jsonp$newErrorHandler_:zi
goog$Disposable$MonitoringMode$OFF:kb
goog$string$htmlEscape:ve
goog$dom$classlist$remove:dh
goog$ui$DatePicker:Oh
goog$json$Serializer$charToJsonCharCache_:nj
goog$string$toCamelCase:df
goog$bindJs_:na
L 43:Bj
goog$i18n$DateTimeSymbols:Z
L 42:Aj
L 41:zj
L 40:yj
L 47:Fj
goog$dom$isNodeList:re
L 46:Ej
L 45:Dj
L 44:Cj
goog$partial:oa
L 49:Hj
goog$userAgent$VERSION:sb
L 48:Gj
goog$style$setElementShown:xf
goog$Timer:We
JSCompiler_StaticMethods_createInstance:kd
goog$reflect$sinkValue:ub
goog$object$PROTOTYPE_FIELDS_:Ka
soy$esc$$0$0MATCHER_FOR_ESCAPE_HTML_:ff
goog$ui$ac$AutoComplete$EventType$HILITE:vg
goog$module$BaseModule:dc
goog$dom$setTextContent:Se
goog$i18n$DateTimeSymbols_es_CO:Fi
JSCompiler_StaticMethods_makeId:Nf
JSCompiler_StaticMethods_hiliteNext:zg
goog$fx$dom$FadeInAndShow:Bh
goog$module$ModuleLoader:Nd
goog$userAgent$product$detectedChrome_:le
JSCompiler_StaticMethods_markAsRemoved:Ab
goog$dom$removeNode:ac
goog$dom$isCss1CompatMode_:Fe
goog$async$Deferred$CanceledError:xc
goog$style$setUnselectable:zf
JSCompiler_StaticMethods_fire_:mc
goog$events$ListenableKey$counter_:zb
goog$isString:A
goog$i18n$TimeZone$createTimeZone:cg
goog$async$Deferred$AlreadyCalledError:oc
JSCompiler_StaticMethods_getReadyState:xd
JSCompiler_StaticMethods_listenOnce_:Ee
goog$array$defaultCompare:Oe
goog$dom$selection$getStart:Eg
goog$structs$SimplePool:Ic
JSCompiler_StaticMethods_handleSeparator_:Xg
goog$structs$getValues:yc
JSCompiler_StaticMethods_cycle:uh
JSCompiler_StaticMethods_tryThen_:hb
JSCompiler_StaticMethods_handleKeyEvent:Wg
goog$a11y$aria$setRole:Lg
JSCompiler_StaticMethods_dispatchActiveIdleChangeIfNeeded_:Uc
goog$style$getComputedStyle:lf
goog$ui$ac$ArrayMatcher$getSimilarMatchesForRows:tg
goog$exportPath_:dj
goog$date$Interval$HOURS:Uf
JSCompiler_StaticMethods_onLoad:hc
goog$async$run$initializeRunner_:Pa
goog$Timer$callOnce:Vb
goog$Uri$encodeChar_:vi
goog$global:E
JSCompiler_StaticMethods_maybeCreateElement_:Fh
JSCompiler_StaticMethods_showPopup:fi
goog$array$removeDuplicates:Ca
JSCompiler_StaticMethods_setInputValue:hi
JSCompiler_StaticMethods_setParameterValues:ti
navigator$$inline_134:Zd
goog$fx$anim$unregisterAnimation:qh
goog$iter$Iterator:Bc
goog$ui$ac$AutoComplete:ug
userAgent$$inline_110:Xd
navigator$$inline_137:ae
goog$ui$Component:Y
JSCompiler_StaticMethods_hiliteMatchingText_:Hh
goog$events$KeyEvent:Ug
goog$dom$getElementsByTagNameAndClass_:te
goog$object$isEmpty:Ze
goog$string$trim:rb
CITYS:rg
JSCompiler_StaticMethods_isNumericField_:kg
goog$net$BulkLoader:Dd
goog$Disposable:J
goog$nullFunction:da
JSCompiler_StaticMethods_setAutoHide:aj
JSCompiler_StaticMethods_serializeString_:mj
goog$dom$contains:bc
goog$style$getSizeWithDisplay_:wf
JSCompiler_StaticMethods_buildDate_:Yf
goog$events$KeyCodes$firesKeyPressEvent:Pg
goog$Promise$CancellationError:gb
goog$ui$ac$ArrayMatcher:qg
goog$fx$dom$Fade:zh
JSCompiler_StaticMethods_isSuccess:zd
JSCompiler_StaticMethods_redraw:Gh
JSCompiler_StaticMethods_stopWaitingForIme_:Zg
goog$events$fireListeners_:Rb
JSCompiler_StaticMethods_cleanupKeysArray_:Gc
goog$events$Event:tb
JSCompiler_StaticMethods_getTokenRegExp_:Ih
goog$object$getValues:Ha
goog$style$unselectableStyle_:Af
goog$ui$ac$createSimpleAutoComplete:Kh
goog$iter$forEach:Ec
goog$math$Coordinate$difference:Ve
JSCompiler_StaticMethods_hilitePrev:Ag
goog$array$map:bd
goog$fx$anim$requestAnimationFrame_:sh
flights$Search:Ci
goog$soy$data$SanitizedContentKind$HTML:ef
moduleManager:Rc
JSCompiler_StaticMethods_addUserInitiatedLoadingModule_:Yc
goog$Disposable$instances_:mb
JSCompiler_StaticMethods_processFocus:Yg
JSCompiler_StaticMethods_formatField_:gg
goog$Promise$State_$FULFILLED:$a
JSCompiler_StaticMethods_onReadyStateChangeHelper_:vd
goog$iter$StopIteration:Dc
goog$dom$htmlToDocumentFragment_:cj
goog$Uri$reDisallowedInRelativePath_:Ti
goog$iter$toIterator:Cc
goog$globalEval:pa
JSCompiler_StaticMethods_setPosition:di
goog$positioning$AbstractPosition:ai
goog$math$Rect:kf
JSCompiler_StaticMethods_setVisible:Yh
JSCompiler_StaticMethods_cleanUpTimeoutTimer_:Bd
goog$events$BrowserFeature$SET_KEY_CODE_TO_PREVENT_DEFAULT:de
goog$async$run$WorkItem_:Ta
goog$fx$dom$FadeOutAndHide:Ah
JSCompiler_StaticMethods_setLoaded:cd
goog$events$Listenable$IMPLEMENTED_BY_PROP:xb
goog$dom$classlist$add:bh
